2025-07-07 20:27:00,695 [INFO] 144 procesos cargados del Excel
2025-07-07 20:27:02,585 [INFO] 005 JUZGADO EJECUCIÓN DEL CIRCUITO → intento 1/3
2025-07-07 20:27:02,760 [INFO] JUZGADOS → intento 1/3
2025-07-07 20:27:02,772 [INFO] 002 JUZGADO EJECUCIÓN DEL CIRCUITO → intento 1/3
2025-07-07 20:27:02,773 [INFO] 005 JUZGADO EJECUCIÓN DEL CIRCUITO → intento 1/3
2025-07-07 20:27:03,006 [INFO] 002 JUZGADO EJECUCIÓN DEL CIRCUITO → intento 1/3
2025-07-07 20:27:03,019 [INFO] 002 JUZGADO EJECUCIÓN DEL CIRCUITO → intento 1/3
2025-07-07 20:27:03,069 [INFO] 2025-07-07 00:00:00 → intento 1/3
2025-07-07 20:27:21,816 [WARNING] 005 JUZGADO EJECUCIÓN DEL CIRCUITO → timeout en intento 1: Message: 
Stacktrace:
	GetHandleVerifier [0x0x7ff68dfb6f95+76917]
	GetHandleVerifier [0x0x7ff68dfb6ff0+77008]
	(No symbol) [0x0x7ff68dd69dea]
	(No symbol) [0x0x7ff68ddc0256]
	(No symbol) [0x0x7ff68ddc050c]
	(No symbol) [0x0x7ff68de13887]
	(No symbol) [0x0x7ff68dde84af]
	(No symbol) [0x0x7ff68de1065c]
	(No symbol) [0x0x7ff68dde8243]
	(No symbol) [0x0x7ff68ddb1431]
	(No symbol) [0x0x7ff68ddb21c3]
	GetHandleVerifier [0x0x7ff68e28d2cd+3051437]
	GetHandleVerifier [0x0x7ff68e287923+3028483]
	GetHandleVerifier [0x0x7ff68e2a58bd+3151261]
	GetHandleVerifier [0x0x7ff68dfd185e+185662]
	GetHandleVerifier [0x0x7ff68dfd971f+218111]
	GetHandleVerifier [0x0x7ff68dfbfb14+112628]
	GetHandleVerifier [0x0x7ff68dfbfcc9+113065]
	GetHandleVerifier [0x0x7ff68dfa6c98+10616]
	BaseThreadInitThunk [0x0x7ffbe54de8d7+23]
	RtlUserThreadStart [0x0x7ffbe66fc34c+44]

2025-07-07 20:27:22,318 [INFO] 005 JUZGADO EJECUCIÓN DEL CIRCUITO → intento 2/3
2025-07-07 20:27:23,115 [WARNING] JUZGADOS → timeout en intento 1: Message: 
Stacktrace:
	GetHandleVerifier [0x0x7ff68dfb6f95+76917]
	GetHandleVerifier [0x0x7ff68dfb6ff0+77008]
	(No symbol) [0x0x7ff68dd69dea]
	(No symbol) [0x0x7ff68ddc0256]
	(No symbol) [0x0x7ff68ddc050c]
	(No symbol) [0x0x7ff68de13887]
	(No symbol) [0x0x7ff68dde84af]
	(No symbol) [0x0x7ff68de1065c]
	(No symbol) [0x0x7ff68dde8243]
	(No symbol) [0x0x7ff68ddb1431]
	(No symbol) [0x0x7ff68ddb21c3]
	GetHandleVerifier [0x0x7ff68e28d2cd+3051437]
	GetHandleVerifier [0x0x7ff68e287923+3028483]
	GetHandleVerifier [0x0x7ff68e2a58bd+3151261]
	GetHandleVerifier [0x0x7ff68dfd185e+185662]
	GetHandleVerifier [0x0x7ff68dfd971f+218111]
	GetHandleVerifier [0x0x7ff68dfbfb14+112628]
	GetHandleVerifier [0x0x7ff68dfbfcc9+113065]
	GetHandleVerifier [0x0x7ff68dfa6c98+10616]
	BaseThreadInitThunk [0x0x7ffbe54de8d7+23]
	RtlUserThreadStart [0x0x7ffbe66fc34c+44]

2025-07-07 20:27:23,411 [WARNING] 005 JUZGADO EJECUCIÓN DEL CIRCUITO → timeout en intento 1: Message: 
Stacktrace:
	GetHandleVerifier [0x0x7ff68dfb6f95+76917]
	GetHandleVerifier [0x0x7ff68dfb6ff0+77008]
	(No symbol) [0x0x7ff68dd69dea]
	(No symbol) [0x0x7ff68ddc0256]
	(No symbol) [0x0x7ff68ddc050c]
	(No symbol) [0x0x7ff68de13887]
	(No symbol) [0x0x7ff68dde84af]
	(No symbol) [0x0x7ff68de1065c]
	(No symbol) [0x0x7ff68dde8243]
	(No symbol) [0x0x7ff68ddb1431]
	(No symbol) [0x0x7ff68ddb21c3]
	GetHandleVerifier [0x0x7ff68e28d2cd+3051437]
	GetHandleVerifier [0x0x7ff68e287923+3028483]
	GetHandleVerifier [0x0x7ff68e2a58bd+3151261]
	GetHandleVerifier [0x0x7ff68dfd185e+185662]
	GetHandleVerifier [0x0x7ff68dfd971f+218111]
	GetHandleVerifier [0x0x7ff68dfbfb14+112628]
	GetHandleVerifier [0x0x7ff68dfbfcc9+113065]
	GetHandleVerifier [0x0x7ff68dfa6c98+10616]
	BaseThreadInitThunk [0x0x7ffbe54de8d7+23]
	RtlUserThreadStart [0x0x7ffbe66fc34c+44]

2025-07-07 20:27:23,616 [INFO] JUZGADOS → intento 2/3
2025-07-07 20:27:23,621 [WARNING] 002 JUZGADO EJECUCIÓN DEL CIRCUITO → timeout en intento 1: Message: 
Stacktrace:
	GetHandleVerifier [0x0x7ff68dfb6f95+76917]
	GetHandleVerifier [0x0x7ff68dfb6ff0+77008]
	(No symbol) [0x0x7ff68dd69dea]
	(No symbol) [0x0x7ff68ddc0256]
	(No symbol) [0x0x7ff68ddc050c]
	(No symbol) [0x0x7ff68de13887]
	(No symbol) [0x0x7ff68dde84af]
	(No symbol) [0x0x7ff68de1065c]
	(No symbol) [0x0x7ff68dde8243]
	(No symbol) [0x0x7ff68ddb1431]
	(No symbol) [0x0x7ff68ddb21c3]
	GetHandleVerifier [0x0x7ff68e28d2cd+3051437]
	GetHandleVerifier [0x0x7ff68e287923+3028483]
	GetHandleVerifier [0x0x7ff68e2a58bd+3151261]
	GetHandleVerifier [0x0x7ff68dfd185e+185662]
	GetHandleVerifier [0x0x7ff68dfd971f+218111]
	GetHandleVerifier [0x0x7ff68dfbfb14+112628]
	GetHandleVerifier [0x0x7ff68dfbfcc9+113065]
	GetHandleVerifier [0x0x7ff68dfa6c98+10616]
	BaseThreadInitThunk [0x0x7ffbe54de8d7+23]
	RtlUserThreadStart [0x0x7ffbe66fc34c+44]

2025-07-07 20:27:23,642 [WARNING] 002 JUZGADO EJECUCIÓN DEL CIRCUITO → timeout en intento 1: Message: 
Stacktrace:
	GetHandleVerifier [0x0x7ff68dfb6f95+76917]
	GetHandleVerifier [0x0x7ff68dfb6ff0+77008]
	(No symbol) [0x0x7ff68dd69dea]
	(No symbol) [0x0x7ff68ddc0256]
	(No symbol) [0x0x7ff68ddc050c]
	(No symbol) [0x0x7ff68de13887]
	(No symbol) [0x0x7ff68dde84af]
	(No symbol) [0x0x7ff68de1065c]
	(No symbol) [0x0x7ff68dde8243]
	(No symbol) [0x0x7ff68ddb1431]
	(No symbol) [0x0x7ff68ddb21c3]
	GetHandleVerifier [0x0x7ff68e28d2cd+3051437]
	GetHandleVerifier [0x0x7ff68e287923+3028483]
	GetHandleVerifier [0x0x7ff68e2a58bd+3151261]
	GetHandleVerifier [0x0x7ff68dfd185e+185662]
	GetHandleVerifier [0x0x7ff68dfd971f+218111]
	GetHandleVerifier [0x0x7ff68dfbfb14+112628]
	GetHandleVerifier [0x0x7ff68dfbfcc9+113065]
	GetHandleVerifier [0x0x7ff68dfa6c98+10616]
	BaseThreadInitThunk [0x0x7ffbe54de8d7+23]
	RtlUserThreadStart [0x0x7ffbe66fc34c+44]

2025-07-07 20:27:23,845 [WARNING] 2025-07-07 00:00:00 → timeout en intento 1: Message: 
Stacktrace:
	GetHandleVerifier [0x0x7ff68dfb6f95+76917]
	GetHandleVerifier [0x0x7ff68dfb6ff0+77008]
	(No symbol) [0x0x7ff68dd69dea]
	(No symbol) [0x0x7ff68ddc0256]
	(No symbol) [0x0x7ff68ddc050c]
	(No symbol) [0x0x7ff68de13887]
	(No symbol) [0x0x7ff68dde84af]
	(No symbol) [0x0x7ff68de1065c]
	(No symbol) [0x0x7ff68dde8243]
	(No symbol) [0x0x7ff68ddb1431]
	(No symbol) [0x0x7ff68ddb21c3]
	GetHandleVerifier [0x0x7ff68e28d2cd+3051437]
	GetHandleVerifier [0x0x7ff68e287923+3028483]
	GetHandleVerifier [0x0x7ff68e2a58bd+3151261]
	GetHandleVerifier [0x0x7ff68dfd185e+185662]
	GetHandleVerifier [0x0x7ff68dfd971f+218111]
	GetHandleVerifier [0x0x7ff68dfbfb14+112628]
	GetHandleVerifier [0x0x7ff68dfbfcc9+113065]
	GetHandleVerifier [0x0x7ff68dfa6c98+10616]
	BaseThreadInitThunk [0x0x7ffbe54de8d7+23]
	RtlUserThreadStart [0x0x7ffbe66fc34c+44]

2025-07-07 20:27:23,912 [INFO] 005 JUZGADO EJECUCIÓN DEL CIRCUITO → intento 2/3
2025-07-07 20:27:23,960 [WARNING] 002 JUZGADO EJECUCIÓN DEL CIRCUITO → timeout en intento 1: Message: 
Stacktrace:
	GetHandleVerifier [0x0x7ff68dfb6f95+76917]
	GetHandleVerifier [0x0x7ff68dfb6ff0+77008]
	(No symbol) [0x0x7ff68dd69dea]
	(No symbol) [0x0x7ff68ddc0256]
	(No symbol) [0x0x7ff68ddc050c]
	(No symbol) [0x0x7ff68de13887]
	(No symbol) [0x0x7ff68dde84af]
	(No symbol) [0x0x7ff68de1065c]
	(No symbol) [0x0x7ff68dde8243]
	(No symbol) [0x0x7ff68ddb1431]
	(No symbol) [0x0x7ff68ddb21c3]
	GetHandleVerifier [0x0x7ff68e28d2cd+3051437]
	GetHandleVerifier [0x0x7ff68e287923+3028483]
	GetHandleVerifier [0x0x7ff68e2a58bd+3151261]
	GetHandleVerifier [0x0x7ff68dfd185e+185662]
	GetHandleVerifier [0x0x7ff68dfd971f+218111]
	GetHandleVerifier [0x0x7ff68dfbfb14+112628]
	GetHandleVerifier [0x0x7ff68dfbfcc9+113065]
	GetHandleVerifier [0x0x7ff68dfa6c98+10616]
	BaseThreadInitThunk [0x0x7ffbe54de8d7+23]
	RtlUserThreadStart [0x0x7ffbe66fc34c+44]

2025-07-07 20:27:24,122 [INFO] 002 JUZGADO EJECUCIÓN DEL CIRCUITO → intento 2/3
2025-07-07 20:27:24,143 [INFO] 002 JUZGADO EJECUCIÓN DEL CIRCUITO → intento 2/3
2025-07-07 20:27:24,347 [INFO] 2025-07-07 00:00:00 → intento 2/3
2025-07-07 20:27:24,461 [INFO] 002 JUZGADO EJECUCIÓN DEL CIRCUITO → intento 2/3
2025-07-07 20:27:38,284 [WARNING] 005 JUZGADO EJECUCIÓN DEL CIRCUITO → timeout en intento 2: Message: 
Stacktrace:
	GetHandleVerifier [0x0x7ff68dfb6f95+76917]
	GetHandleVerifier [0x0x7ff68dfb6ff0+77008]
	(No symbol) [0x0x7ff68dd69dea]
	(No symbol) [0x0x7ff68ddc0256]
	(No symbol) [0x0x7ff68ddc050c]
	(No symbol) [0x0x7ff68de13887]
	(No symbol) [0x0x7ff68dde84af]
	(No symbol) [0x0x7ff68de1065c]
	(No symbol) [0x0x7ff68dde8243]
	(No symbol) [0x0x7ff68ddb1431]
	(No symbol) [0x0x7ff68ddb21c3]
	GetHandleVerifier [0x0x7ff68e28d2cd+3051437]
	GetHandleVerifier [0x0x7ff68e287923+3028483]
	GetHandleVerifier [0x0x7ff68e2a58bd+3151261]
	GetHandleVerifier [0x0x7ff68dfd185e+185662]
	GetHandleVerifier [0x0x7ff68dfd971f+218111]
	GetHandleVerifier [0x0x7ff68dfbfb14+112628]
	GetHandleVerifier [0x0x7ff68dfbfcc9+113065]
	GetHandleVerifier [0x0x7ff68dfa6c98+10616]
	BaseThreadInitThunk [0x0x7ffbe54de8d7+23]
	RtlUserThreadStart [0x0x7ffbe66fc34c+44]

2025-07-07 20:27:38,786 [INFO] 005 JUZGADO EJECUCIÓN DEL CIRCUITO → intento 3/3
2025-07-07 20:27:40,525 [WARNING] JUZGADOS → timeout en intento 2: Message: 
Stacktrace:
	GetHandleVerifier [0x0x7ff68dfb6f95+76917]
	GetHandleVerifier [0x0x7ff68dfb6ff0+77008]
	(No symbol) [0x0x7ff68dd69dea]
	(No symbol) [0x0x7ff68ddc0256]
	(No symbol) [0x0x7ff68ddc050c]
	(No symbol) [0x0x7ff68de13887]
	(No symbol) [0x0x7ff68dde84af]
	(No symbol) [0x0x7ff68de1065c]
	(No symbol) [0x0x7ff68dde8243]
	(No symbol) [0x0x7ff68ddb1431]
	(No symbol) [0x0x7ff68ddb21c3]
	GetHandleVerifier [0x0x7ff68e28d2cd+3051437]
	GetHandleVerifier [0x0x7ff68e287923+3028483]
	GetHandleVerifier [0x0x7ff68e2a58bd+3151261]
	GetHandleVerifier [0x0x7ff68dfd185e+185662]
	GetHandleVerifier [0x0x7ff68dfd971f+218111]
	GetHandleVerifier [0x0x7ff68dfbfb14+112628]
	GetHandleVerifier [0x0x7ff68dfbfcc9+113065]
	GetHandleVerifier [0x0x7ff68dfa6c98+10616]
	BaseThreadInitThunk [0x0x7ffbe54de8d7+23]
	RtlUserThreadStart [0x0x7ffbe66fc34c+44]

2025-07-07 20:27:40,646 [WARNING] 005 JUZGADO EJECUCIÓN DEL CIRCUITO → timeout en intento 2: Message: 
Stacktrace:
	GetHandleVerifier [0x0x7ff68dfb6f95+76917]
	GetHandleVerifier [0x0x7ff68dfb6ff0+77008]
	(No symbol) [0x0x7ff68dd69dea]
	(No symbol) [0x0x7ff68ddc0256]
	(No symbol) [0x0x7ff68ddc050c]
	(No symbol) [0x0x7ff68de13887]
	(No symbol) [0x0x7ff68dde84af]
	(No symbol) [0x0x7ff68de1065c]
	(No symbol) [0x0x7ff68dde8243]
	(No symbol) [0x0x7ff68ddb1431]
	(No symbol) [0x0x7ff68ddb21c3]
	GetHandleVerifier [0x0x7ff68e28d2cd+3051437]
	GetHandleVerifier [0x0x7ff68e287923+3028483]
	GetHandleVerifier [0x0x7ff68e2a58bd+3151261]
	GetHandleVerifier [0x0x7ff68dfd185e+185662]
	GetHandleVerifier [0x0x7ff68dfd971f+218111]
	GetHandleVerifier [0x0x7ff68dfbfb14+112628]
	GetHandleVerifier [0x0x7ff68dfbfcc9+113065]
	GetHandleVerifier [0x0x7ff68dfa6c98+10616]
	BaseThreadInitThunk [0x0x7ffbe54de8d7+23]
	RtlUserThreadStart [0x0x7ffbe66fc34c+44]

2025-07-07 20:27:40,700 [WARNING] 002 JUZGADO EJECUCIÓN DEL CIRCUITO → timeout en intento 2: Message: 
Stacktrace:
	GetHandleVerifier [0x0x7ff68dfb6f95+76917]
	GetHandleVerifier [0x0x7ff68dfb6ff0+77008]
	(No symbol) [0x0x7ff68dd69dea]
	(No symbol) [0x0x7ff68ddc0256]
	(No symbol) [0x0x7ff68ddc050c]
	(No symbol) [0x0x7ff68de13887]
	(No symbol) [0x0x7ff68dde84af]
	(No symbol) [0x0x7ff68de1065c]
	(No symbol) [0x0x7ff68dde8243]
	(No symbol) [0x0x7ff68ddb1431]
	(No symbol) [0x0x7ff68ddb21c3]
	GetHandleVerifier [0x0x7ff68e28d2cd+3051437]
	GetHandleVerifier [0x0x7ff68e287923+3028483]
	GetHandleVerifier [0x0x7ff68e2a58bd+3151261]
	GetHandleVerifier [0x0x7ff68dfd185e+185662]
	GetHandleVerifier [0x0x7ff68dfd971f+218111]
	GetHandleVerifier [0x0x7ff68dfbfb14+112628]
	GetHandleVerifier [0x0x7ff68dfbfcc9+113065]
	GetHandleVerifier [0x0x7ff68dfa6c98+10616]
	BaseThreadInitThunk [0x0x7ffbe54de8d7+23]
	RtlUserThreadStart [0x0x7ffbe66fc34c+44]

2025-07-07 20:27:40,702 [WARNING] 002 JUZGADO EJECUCIÓN DEL CIRCUITO → timeout en intento 2: Message: 
Stacktrace:
	GetHandleVerifier [0x0x7ff68dfb6f95+76917]
	GetHandleVerifier [0x0x7ff68dfb6ff0+77008]
	(No symbol) [0x0x7ff68dd69dea]
	(No symbol) [0x0x7ff68ddc0256]
	(No symbol) [0x0x7ff68ddc050c]
	(No symbol) [0x0x7ff68de13887]
	(No symbol) [0x0x7ff68dde84af]
	(No symbol) [0x0x7ff68de1065c]
	(No symbol) [0x0x7ff68dde8243]
	(No symbol) [0x0x7ff68ddb1431]
	(No symbol) [0x0x7ff68ddb21c3]
	GetHandleVerifier [0x0x7ff68e28d2cd+3051437]
	GetHandleVerifier [0x0x7ff68e287923+3028483]
	GetHandleVerifier [0x0x7ff68e2a58bd+3151261]
	GetHandleVerifier [0x0x7ff68dfd185e+185662]
	GetHandleVerifier [0x0x7ff68dfd971f+218111]
	GetHandleVerifier [0x0x7ff68dfbfb14+112628]
	GetHandleVerifier [0x0x7ff68dfbfcc9+113065]
	GetHandleVerifier [0x0x7ff68dfa6c98+10616]
	BaseThreadInitThunk [0x0x7ffbe54de8d7+23]
	RtlUserThreadStart [0x0x7ffbe66fc34c+44]

2025-07-07 20:27:40,890 [WARNING] 2025-07-07 00:00:00 → timeout en intento 2: Message: 
Stacktrace:
	GetHandleVerifier [0x0x7ff68dfb6f95+76917]
	GetHandleVerifier [0x0x7ff68dfb6ff0+77008]
	(No symbol) [0x0x7ff68dd69dea]
	(No symbol) [0x0x7ff68ddc0256]
	(No symbol) [0x0x7ff68ddc050c]
	(No symbol) [0x0x7ff68de13887]
	(No symbol) [0x0x7ff68dde84af]
	(No symbol) [0x0x7ff68de1065c]
	(No symbol) [0x0x7ff68dde8243]
	(No symbol) [0x0x7ff68ddb1431]
	(No symbol) [0x0x7ff68ddb21c3]
	GetHandleVerifier [0x0x7ff68e28d2cd+3051437]
	GetHandleVerifier [0x0x7ff68e287923+3028483]
	GetHandleVerifier [0x0x7ff68e2a58bd+3151261]
	GetHandleVerifier [0x0x7ff68dfd185e+185662]
	GetHandleVerifier [0x0x7ff68dfd971f+218111]
	GetHandleVerifier [0x0x7ff68dfbfb14+112628]
	GetHandleVerifier [0x0x7ff68dfbfcc9+113065]
	GetHandleVerifier [0x0x7ff68dfa6c98+10616]
	BaseThreadInitThunk [0x0x7ffbe54de8d7+23]
	RtlUserThreadStart [0x0x7ffbe66fc34c+44]

2025-07-07 20:27:40,932 [WARNING] 002 JUZGADO EJECUCIÓN DEL CIRCUITO → timeout en intento 2: Message: 
Stacktrace:
	GetHandleVerifier [0x0x7ff68dfb6f95+76917]
	GetHandleVerifier [0x0x7ff68dfb6ff0+77008]
	(No symbol) [0x0x7ff68dd69dea]
	(No symbol) [0x0x7ff68ddc0256]
	(No symbol) [0x0x7ff68ddc050c]
	(No symbol) [0x0x7ff68de13887]
	(No symbol) [0x0x7ff68dde84af]
	(No symbol) [0x0x7ff68de1065c]
	(No symbol) [0x0x7ff68dde8243]
	(No symbol) [0x0x7ff68ddb1431]
	(No symbol) [0x0x7ff68ddb21c3]
	GetHandleVerifier [0x0x7ff68e28d2cd+3051437]
	GetHandleVerifier [0x0x7ff68e287923+3028483]
	GetHandleVerifier [0x0x7ff68e2a58bd+3151261]
	GetHandleVerifier [0x0x7ff68dfd185e+185662]
	GetHandleVerifier [0x0x7ff68dfd971f+218111]
	GetHandleVerifier [0x0x7ff68dfbfb14+112628]
	GetHandleVerifier [0x0x7ff68dfbfcc9+113065]
	GetHandleVerifier [0x0x7ff68dfa6c98+10616]
	BaseThreadInitThunk [0x0x7ffbe54de8d7+23]
	RtlUserThreadStart [0x0x7ffbe66fc34c+44]

2025-07-07 20:27:41,027 [INFO] JUZGADOS → intento 3/3
2025-07-07 20:27:41,149 [INFO] 005 JUZGADO EJECUCIÓN DEL CIRCUITO → intento 3/3
2025-07-07 20:27:41,202 [INFO] 002 JUZGADO EJECUCIÓN DEL CIRCUITO → intento 3/3
2025-07-07 20:27:41,203 [INFO] 002 JUZGADO EJECUCIÓN DEL CIRCUITO → intento 3/3
2025-07-07 20:27:41,392 [INFO] 2025-07-07 00:00:00 → intento 3/3
2025-07-07 20:27:41,433 [INFO] 002 JUZGADO EJECUCIÓN DEL CIRCUITO → intento 3/3
2025-07-07 20:27:54,683 [WARNING] 005 JUZGADO EJECUCIÓN DEL CIRCUITO → timeout en intento 3: Message: 
Stacktrace:
	GetHandleVerifier [0x0x7ff68dfb6f95+76917]
	GetHandleVerifier [0x0x7ff68dfb6ff0+77008]
	(No symbol) [0x0x7ff68dd69dea]
	(No symbol) [0x0x7ff68ddc0256]
	(No symbol) [0x0x7ff68ddc050c]
	(No symbol) [0x0x7ff68de13887]
	(No symbol) [0x0x7ff68dde84af]
	(No symbol) [0x0x7ff68de1065c]
	(No symbol) [0x0x7ff68dde8243]
	(No symbol) [0x0x7ff68ddb1431]
	(No symbol) [0x0x7ff68ddb21c3]
	GetHandleVerifier [0x0x7ff68e28d2cd+3051437]
	GetHandleVerifier [0x0x7ff68e287923+3028483]
	GetHandleVerifier [0x0x7ff68e2a58bd+3151261]
	GetHandleVerifier [0x0x7ff68dfd185e+185662]
	GetHandleVerifier [0x0x7ff68dfd971f+218111]
	GetHandleVerifier [0x0x7ff68dfbfb14+112628]
	GetHandleVerifier [0x0x7ff68dfbfcc9+113065]
	GetHandleVerifier [0x0x7ff68dfa6c98+10616]
	BaseThreadInitThunk [0x0x7ffbe54de8d7+23]
	RtlUserThreadStart [0x0x7ffbe66fc34c+44]

2025-07-07 20:27:57,438 [WARNING] JUZGADOS → timeout en intento 3: Message: 
Stacktrace:
	GetHandleVerifier [0x0x7ff68dfb6f95+76917]
	GetHandleVerifier [0x0x7ff68dfb6ff0+77008]
	(No symbol) [0x0x7ff68dd69dea]
	(No symbol) [0x0x7ff68ddc0256]
	(No symbol) [0x0x7ff68ddc050c]
	(No symbol) [0x0x7ff68de13887]
	(No symbol) [0x0x7ff68dde84af]
	(No symbol) [0x0x7ff68de1065c]
	(No symbol) [0x0x7ff68dde8243]
	(No symbol) [0x0x7ff68ddb1431]
	(No symbol) [0x0x7ff68ddb21c3]
	GetHandleVerifier [0x0x7ff68e28d2cd+3051437]
	GetHandleVerifier [0x0x7ff68e287923+3028483]
	GetHandleVerifier [0x0x7ff68e2a58bd+3151261]
	GetHandleVerifier [0x0x7ff68dfd185e+185662]
	GetHandleVerifier [0x0x7ff68dfd971f+218111]
	GetHandleVerifier [0x0x7ff68dfbfb14+112628]
	GetHandleVerifier [0x0x7ff68dfbfcc9+113065]
	GetHandleVerifier [0x0x7ff68dfa6c98+10616]
	BaseThreadInitThunk [0x0x7ffbe54de8d7+23]
	RtlUserThreadStart [0x0x7ffbe66fc34c+44]

2025-07-07 20:27:57,438 [WARNING] 005 JUZGADO EJECUCIÓN DEL CIRCUITO → timeout en intento 3: Message: 
Stacktrace:
	GetHandleVerifier [0x0x7ff68dfb6f95+76917]
	GetHandleVerifier [0x0x7ff68dfb6ff0+77008]
	(No symbol) [0x0x7ff68dd69dea]
	(No symbol) [0x0x7ff68ddc0256]
	(No symbol) [0x0x7ff68ddc050c]
	(No symbol) [0x0x7ff68de13887]
	(No symbol) [0x0x7ff68dde84af]
	(No symbol) [0x0x7ff68de1065c]
	(No symbol) [0x0x7ff68dde8243]
	(No symbol) [0x0x7ff68ddb1431]
	(No symbol) [0x0x7ff68ddb21c3]
	GetHandleVerifier [0x0x7ff68e28d2cd+3051437]
	GetHandleVerifier [0x0x7ff68e287923+3028483]
	GetHandleVerifier [0x0x7ff68e2a58bd+3151261]
	GetHandleVerifier [0x0x7ff68dfd185e+185662]
	GetHandleVerifier [0x0x7ff68dfd971f+218111]
	GetHandleVerifier [0x0x7ff68dfbfb14+112628]
	GetHandleVerifier [0x0x7ff68dfbfcc9+113065]
	GetHandleVerifier [0x0x7ff68dfa6c98+10616]
	BaseThreadInitThunk [0x0x7ffbe54de8d7+23]
	RtlUserThreadStart [0x0x7ffbe66fc34c+44]

2025-07-07 20:27:57,438 [WARNING] 002 JUZGADO EJECUCIÓN DEL CIRCUITO → timeout en intento 3: Message: 
Stacktrace:
	GetHandleVerifier [0x0x7ff68dfb6f95+76917]
	GetHandleVerifier [0x0x7ff68dfb6ff0+77008]
	(No symbol) [0x0x7ff68dd69dea]
	(No symbol) [0x0x7ff68ddc0256]
	(No symbol) [0x0x7ff68ddc050c]
	(No symbol) [0x0x7ff68de13887]
	(No symbol) [0x0x7ff68dde84af]
	(No symbol) [0x0x7ff68de1065c]
	(No symbol) [0x0x7ff68dde8243]
	(No symbol) [0x0x7ff68ddb1431]
	(No symbol) [0x0x7ff68ddb21c3]
	GetHandleVerifier [0x0x7ff68e28d2cd+3051437]
	GetHandleVerifier [0x0x7ff68e287923+3028483]
	GetHandleVerifier [0x0x7ff68e2a58bd+3151261]
	GetHandleVerifier [0x0x7ff68dfd185e+185662]
	GetHandleVerifier [0x0x7ff68dfd971f+218111]
	GetHandleVerifier [0x0x7ff68dfbfb14+112628]
	GetHandleVerifier [0x0x7ff68dfbfcc9+113065]
	GetHandleVerifier [0x0x7ff68dfa6c98+10616]
	BaseThreadInitThunk [0x0x7ffbe54de8d7+23]
	RtlUserThreadStart [0x0x7ffbe66fc34c+44]

2025-07-07 20:27:57,439 [WARNING] 002 JUZGADO EJECUCIÓN DEL CIRCUITO → timeout en intento 3: Message: 
Stacktrace:
	GetHandleVerifier [0x0x7ff68dfb6f95+76917]
	GetHandleVerifier [0x0x7ff68dfb6ff0+77008]
	(No symbol) [0x0x7ff68dd69dea]
	(No symbol) [0x0x7ff68ddc0256]
	(No symbol) [0x0x7ff68ddc050c]
	(No symbol) [0x0x7ff68de13887]
	(No symbol) [0x0x7ff68dde84af]
	(No symbol) [0x0x7ff68de1065c]
	(No symbol) [0x0x7ff68dde8243]
	(No symbol) [0x0x7ff68ddb1431]
	(No symbol) [0x0x7ff68ddb21c3]
	GetHandleVerifier [0x0x7ff68e28d2cd+3051437]
	GetHandleVerifier [0x0x7ff68e287923+3028483]
	GetHandleVerifier [0x0x7ff68e2a58bd+3151261]
	GetHandleVerifier [0x0x7ff68dfd185e+185662]
	GetHandleVerifier [0x0x7ff68dfd971f+218111]
	GetHandleVerifier [0x0x7ff68dfbfb14+112628]
	GetHandleVerifier [0x0x7ff68dfbfcc9+113065]
	GetHandleVerifier [0x0x7ff68dfa6c98+10616]
	BaseThreadInitThunk [0x0x7ffbe54de8d7+23]
	RtlUserThreadStart [0x0x7ffbe66fc34c+44]

2025-07-07 20:27:57,661 [WARNING] 2025-07-07 00:00:00 → timeout en intento 3: Message: 
Stacktrace:
	GetHandleVerifier [0x0x7ff68dfb6f95+76917]
	GetHandleVerifier [0x0x7ff68dfb6ff0+77008]
	(No symbol) [0x0x7ff68dd69dea]
	(No symbol) [0x0x7ff68ddc0256]
	(No symbol) [0x0x7ff68ddc050c]
	(No symbol) [0x0x7ff68de13887]
	(No symbol) [0x0x7ff68dde84af]
	(No symbol) [0x0x7ff68de1065c]
	(No symbol) [0x0x7ff68dde8243]
	(No symbol) [0x0x7ff68ddb1431]
	(No symbol) [0x0x7ff68ddb21c3]
	GetHandleVerifier [0x0x7ff68e28d2cd+3051437]
	GetHandleVerifier [0x0x7ff68e287923+3028483]
	GetHandleVerifier [0x0x7ff68e2a58bd+3151261]
	GetHandleVerifier [0x0x7ff68dfd185e+185662]
	GetHandleVerifier [0x0x7ff68dfd971f+218111]
	GetHandleVerifier [0x0x7ff68dfbfb14+112628]
	GetHandleVerifier [0x0x7ff68dfbfcc9+113065]
	GetHandleVerifier [0x0x7ff68dfa6c98+10616]
	BaseThreadInitThunk [0x0x7ffbe54de8d7+23]
	RtlUserThreadStart [0x0x7ffbe66fc34c+44]

2025-07-07 20:27:57,662 [WARNING] 002 JUZGADO EJECUCIÓN DEL CIRCUITO → timeout en intento 3: Message: 
Stacktrace:
	GetHandleVerifier [0x0x7ff68dfb6f95+76917]
	GetHandleVerifier [0x0x7ff68dfb6ff0+77008]
	(No symbol) [0x0x7ff68dd69dea]
	(No symbol) [0x0x7ff68ddc0256]
	(No symbol) [0x0x7ff68ddc050c]
	(No symbol) [0x0x7ff68de13887]
	(No symbol) [0x0x7ff68dde84af]
	(No symbol) [0x0x7ff68de1065c]
	(No symbol) [0x0x7ff68dde8243]
	(No symbol) [0x0x7ff68ddb1431]
	(No symbol) [0x0x7ff68ddb21c3]
	GetHandleVerifier [0x0x7ff68e28d2cd+3051437]
	GetHandleVerifier [0x0x7ff68e287923+3028483]
	GetHandleVerifier [0x0x7ff68e2a58bd+3151261]
	GetHandleVerifier [0x0x7ff68dfd185e+185662]
	GetHandleVerifier [0x0x7ff68dfd971f+218111]
	GetHandleVerifier [0x0x7ff68dfbfb14+112628]
	GetHandleVerifier [0x0x7ff68dfbfcc9+113065]
	GetHandleVerifier [0x0x7ff68dfa6c98+10616]
	BaseThreadInitThunk [0x0x7ffbe54de8d7+23]
	RtlUserThreadStart [0x0x7ffbe66fc34c+44]

2025-07-07 20:27:57,997 [INFO] 005 JUZGADO EJECUCIÓN DEL CIRCUITO → intento 1/3
2025-07-07 20:28:01,596 [INFO] 003 JUZGADO EJECUCIÓN DEL CIRCUITO → intento 1/3
2025-07-07 20:28:01,725 [INFO] 003 JUZGADO EJECUCIÓN DEL CIRCUITO → intento 1/3
2025-07-07 20:28:01,733 [INFO] 004 JUZGADO EJECUCIÓN DEL CIRCUITO → intento 1/3
2025-07-07 20:28:01,814 [INFO] 002 JUZGADO EJECUCIÓN DEL CIRCUITO → intento 1/3
2025-07-07 20:28:01,841 [INFO] 005 JUZGADO EJECUCIÓN DEL CIRCUITO → intento 1/3
2025-07-07 20:28:01,865 [INFO] 003 JUZGADO EJECUCIÓN DEL CIRCUITO → intento 1/3
2025-07-07 20:28:15,395 [WARNING] 005 JUZGADO EJECUCIÓN DEL CIRCUITO → timeout en intento 1: Message: 
Stacktrace:
	GetHandleVerifier [0x0x7ff68dfb6f95+76917]
	GetHandleVerifier [0x0x7ff68dfb6ff0+77008]
	(No symbol) [0x0x7ff68dd69dea]
	(No symbol) [0x0x7ff68ddc0256]
	(No symbol) [0x0x7ff68ddc050c]
	(No symbol) [0x0x7ff68de13887]
	(No symbol) [0x0x7ff68dde84af]
	(No symbol) [0x0x7ff68de1065c]
	(No symbol) [0x0x7ff68dde8243]
	(No symbol) [0x0x7ff68ddb1431]
	(No symbol) [0x0x7ff68ddb21c3]
	GetHandleVerifier [0x0x7ff68e28d2cd+3051437]
	GetHandleVerifier [0x0x7ff68e287923+3028483]
	GetHandleVerifier [0x0x7ff68e2a58bd+3151261]
	GetHandleVerifier [0x0x7ff68dfd185e+185662]
	GetHandleVerifier [0x0x7ff68dfd971f+218111]
	GetHandleVerifier [0x0x7ff68dfbfb14+112628]
	GetHandleVerifier [0x0x7ff68dfbfcc9+113065]
	GetHandleVerifier [0x0x7ff68dfa6c98+10616]
	BaseThreadInitThunk [0x0x7ffbe54de8d7+23]
	RtlUserThreadStart [0x0x7ffbe66fc34c+44]

2025-07-07 20:28:15,896 [INFO] 005 JUZGADO EJECUCIÓN DEL CIRCUITO → intento 2/3
2025-07-07 20:28:17,870 [WARNING] 003 JUZGADO EJECUCIÓN DEL CIRCUITO → timeout en intento 1: Message: 
Stacktrace:
	GetHandleVerifier [0x0x7ff68dfb6f95+76917]
	GetHandleVerifier [0x0x7ff68dfb6ff0+77008]
	(No symbol) [0x0x7ff68dd69dea]
	(No symbol) [0x0x7ff68ddc0256]
	(No symbol) [0x0x7ff68ddc050c]
	(No symbol) [0x0x7ff68de13887]
	(No symbol) [0x0x7ff68dde84af]
	(No symbol) [0x0x7ff68de1065c]
	(No symbol) [0x0x7ff68dde8243]
	(No symbol) [0x0x7ff68ddb1431]
	(No symbol) [0x0x7ff68ddb21c3]
	GetHandleVerifier [0x0x7ff68e28d2cd+3051437]
	GetHandleVerifier [0x0x7ff68e287923+3028483]
	GetHandleVerifier [0x0x7ff68e2a58bd+3151261]
	GetHandleVerifier [0x0x7ff68dfd185e+185662]
	GetHandleVerifier [0x0x7ff68dfd971f+218111]
	GetHandleVerifier [0x0x7ff68dfbfb14+112628]
	GetHandleVerifier [0x0x7ff68dfbfcc9+113065]
	GetHandleVerifier [0x0x7ff68dfa6c98+10616]
	BaseThreadInitThunk [0x0x7ffbe54de8d7+23]
	RtlUserThreadStart [0x0x7ffbe66fc34c+44]

2025-07-07 20:28:17,870 [WARNING] 003 JUZGADO EJECUCIÓN DEL CIRCUITO → timeout en intento 1: Message: 
Stacktrace:
	GetHandleVerifier [0x0x7ff68dfb6f95+76917]
	GetHandleVerifier [0x0x7ff68dfb6ff0+77008]
	(No symbol) [0x0x7ff68dd69dea]
	(No symbol) [0x0x7ff68ddc0256]
	(No symbol) [0x0x7ff68ddc050c]
	(No symbol) [0x0x7ff68de13887]
	(No symbol) [0x0x7ff68dde84af]
	(No symbol) [0x0x7ff68de1065c]
	(No symbol) [0x0x7ff68dde8243]
	(No symbol) [0x0x7ff68ddb1431]
	(No symbol) [0x0x7ff68ddb21c3]
	GetHandleVerifier [0x0x7ff68e28d2cd+3051437]
	GetHandleVerifier [0x0x7ff68e287923+3028483]
	GetHandleVerifier [0x0x7ff68e2a58bd+3151261]
	GetHandleVerifier [0x0x7ff68dfd185e+185662]
	GetHandleVerifier [0x0x7ff68dfd971f+218111]
	GetHandleVerifier [0x0x7ff68dfbfb14+112628]
	GetHandleVerifier [0x0x7ff68dfbfcc9+113065]
	GetHandleVerifier [0x0x7ff68dfa6c98+10616]
	BaseThreadInitThunk [0x0x7ffbe54de8d7+23]
	RtlUserThreadStart [0x0x7ffbe66fc34c+44]

2025-07-07 20:28:17,881 [WARNING] 002 JUZGADO EJECUCIÓN DEL CIRCUITO → timeout en intento 1: Message: 
Stacktrace:
	GetHandleVerifier [0x0x7ff68dfb6f95+76917]
	GetHandleVerifier [0x0x7ff68dfb6ff0+77008]
	(No symbol) [0x0x7ff68dd69dea]
	(No symbol) [0x0x7ff68ddc0256]
	(No symbol) [0x0x7ff68ddc050c]
	(No symbol) [0x0x7ff68de13887]
	(No symbol) [0x0x7ff68dde84af]
	(No symbol) [0x0x7ff68de1065c]
	(No symbol) [0x0x7ff68dde8243]
	(No symbol) [0x0x7ff68ddb1431]
	(No symbol) [0x0x7ff68ddb21c3]
	GetHandleVerifier [0x0x7ff68e28d2cd+3051437]
	GetHandleVerifier [0x0x7ff68e287923+3028483]
	GetHandleVerifier [0x0x7ff68e2a58bd+3151261]
	GetHandleVerifier [0x0x7ff68dfd185e+185662]
	GetHandleVerifier [0x0x7ff68dfd971f+218111]
	GetHandleVerifier [0x0x7ff68dfbfb14+112628]
	GetHandleVerifier [0x0x7ff68dfbfcc9+113065]
	GetHandleVerifier [0x0x7ff68dfa6c98+10616]
	BaseThreadInitThunk [0x0x7ffbe54de8d7+23]
	RtlUserThreadStart [0x0x7ffbe66fc34c+44]

2025-07-07 20:28:17,896 [WARNING] 004 JUZGADO EJECUCIÓN DEL CIRCUITO → timeout en intento 1: Message: 
Stacktrace:
	GetHandleVerifier [0x0x7ff68dfb6f95+76917]
	GetHandleVerifier [0x0x7ff68dfb6ff0+77008]
	(No symbol) [0x0x7ff68dd69dea]
	(No symbol) [0x0x7ff68ddc0256]
	(No symbol) [0x0x7ff68ddc050c]
	(No symbol) [0x0x7ff68de13887]
	(No symbol) [0x0x7ff68dde84af]
	(No symbol) [0x0x7ff68de1065c]
	(No symbol) [0x0x7ff68dde8243]
	(No symbol) [0x0x7ff68ddb1431]
	(No symbol) [0x0x7ff68ddb21c3]
	GetHandleVerifier [0x0x7ff68e28d2cd+3051437]
	GetHandleVerifier [0x0x7ff68e287923+3028483]
	GetHandleVerifier [0x0x7ff68e2a58bd+3151261]
	GetHandleVerifier [0x0x7ff68dfd185e+185662]
	GetHandleVerifier [0x0x7ff68dfd971f+218111]
	GetHandleVerifier [0x0x7ff68dfbfb14+112628]
	GetHandleVerifier [0x0x7ff68dfbfcc9+113065]
	GetHandleVerifier [0x0x7ff68dfa6c98+10616]
	BaseThreadInitThunk [0x0x7ffbe54de8d7+23]
	RtlUserThreadStart [0x0x7ffbe66fc34c+44]

2025-07-07 20:28:17,975 [WARNING] 005 JUZGADO EJECUCIÓN DEL CIRCUITO → timeout en intento 1: Message: 
Stacktrace:
	GetHandleVerifier [0x0x7ff68dfb6f95+76917]
	GetHandleVerifier [0x0x7ff68dfb6ff0+77008]
	(No symbol) [0x0x7ff68dd69dea]
	(No symbol) [0x0x7ff68ddc0256]
	(No symbol) [0x0x7ff68ddc050c]
	(No symbol) [0x0x7ff68de13887]
	(No symbol) [0x0x7ff68dde84af]
	(No symbol) [0x0x7ff68de1065c]
	(No symbol) [0x0x7ff68dde8243]
	(No symbol) [0x0x7ff68ddb1431]
	(No symbol) [0x0x7ff68ddb21c3]
	GetHandleVerifier [0x0x7ff68e28d2cd+3051437]
	GetHandleVerifier [0x0x7ff68e287923+3028483]
	GetHandleVerifier [0x0x7ff68e2a58bd+3151261]
	GetHandleVerifier [0x0x7ff68dfd185e+185662]
	GetHandleVerifier [0x0x7ff68dfd971f+218111]
	GetHandleVerifier [0x0x7ff68dfbfb14+112628]
	GetHandleVerifier [0x0x7ff68dfbfcc9+113065]
	GetHandleVerifier [0x0x7ff68dfa6c98+10616]
	BaseThreadInitThunk [0x0x7ffbe54de8d7+23]
	RtlUserThreadStart [0x0x7ffbe66fc34c+44]

2025-07-07 20:28:17,985 [WARNING] 003 JUZGADO EJECUCIÓN DEL CIRCUITO → timeout en intento 1: Message: 
Stacktrace:
	GetHandleVerifier [0x0x7ff68dfb6f95+76917]
	GetHandleVerifier [0x0x7ff68dfb6ff0+77008]
	(No symbol) [0x0x7ff68dd69dea]
	(No symbol) [0x0x7ff68ddc0256]
	(No symbol) [0x0x7ff68ddc050c]
	(No symbol) [0x0x7ff68de13887]
	(No symbol) [0x0x7ff68dde84af]
	(No symbol) [0x0x7ff68de1065c]
	(No symbol) [0x0x7ff68dde8243]
	(No symbol) [0x0x7ff68ddb1431]
	(No symbol) [0x0x7ff68ddb21c3]
	GetHandleVerifier [0x0x7ff68e28d2cd+3051437]
	GetHandleVerifier [0x0x7ff68e287923+3028483]
	GetHandleVerifier [0x0x7ff68e2a58bd+3151261]
	GetHandleVerifier [0x0x7ff68dfd185e+185662]
	GetHandleVerifier [0x0x7ff68dfd971f+218111]
	GetHandleVerifier [0x0x7ff68dfbfb14+112628]
	GetHandleVerifier [0x0x7ff68dfbfcc9+113065]
	GetHandleVerifier [0x0x7ff68dfa6c98+10616]
	BaseThreadInitThunk [0x0x7ffbe54de8d7+23]
	RtlUserThreadStart [0x0x7ffbe66fc34c+44]

2025-07-07 20:28:18,371 [INFO] 003 JUZGADO EJECUCIÓN DEL CIRCUITO → intento 2/3
2025-07-07 20:28:18,371 [INFO] 003 JUZGADO EJECUCIÓN DEL CIRCUITO → intento 2/3
2025-07-07 20:28:18,382 [INFO] 002 JUZGADO EJECUCIÓN DEL CIRCUITO → intento 2/3
2025-07-07 20:28:18,397 [INFO] 004 JUZGADO EJECUCIÓN DEL CIRCUITO → intento 2/3
2025-07-07 20:28:18,478 [INFO] 005 JUZGADO EJECUCIÓN DEL CIRCUITO → intento 2/3
2025-07-07 20:28:18,487 [INFO] 003 JUZGADO EJECUCIÓN DEL CIRCUITO → intento 2/3
2025-07-07 20:28:31,718 [WARNING] 005 JUZGADO EJECUCIÓN DEL CIRCUITO → timeout en intento 2: Message: 
Stacktrace:
	GetHandleVerifier [0x0x7ff68dfb6f95+76917]
	GetHandleVerifier [0x0x7ff68dfb6ff0+77008]
	(No symbol) [0x0x7ff68dd69dea]
	(No symbol) [0x0x7ff68ddc0256]
	(No symbol) [0x0x7ff68ddc050c]
	(No symbol) [0x0x7ff68de13887]
	(No symbol) [0x0x7ff68dde84af]
	(No symbol) [0x0x7ff68de1065c]
	(No symbol) [0x0x7ff68dde8243]
	(No symbol) [0x0x7ff68ddb1431]
	(No symbol) [0x0x7ff68ddb21c3]
	GetHandleVerifier [0x0x7ff68e28d2cd+3051437]
	GetHandleVerifier [0x0x7ff68e287923+3028483]
	GetHandleVerifier [0x0x7ff68e2a58bd+3151261]
	GetHandleVerifier [0x0x7ff68dfd185e+185662]
	GetHandleVerifier [0x0x7ff68dfd971f+218111]
	GetHandleVerifier [0x0x7ff68dfbfb14+112628]
	GetHandleVerifier [0x0x7ff68dfbfcc9+113065]
	GetHandleVerifier [0x0x7ff68dfa6c98+10616]
	BaseThreadInitThunk [0x0x7ffbe54de8d7+23]
	RtlUserThreadStart [0x0x7ffbe66fc34c+44]

2025-07-07 20:28:32,219 [INFO] 005 JUZGADO EJECUCIÓN DEL CIRCUITO → intento 3/3
2025-07-07 20:28:34,620 [WARNING] 003 JUZGADO EJECUCIÓN DEL CIRCUITO → timeout en intento 2: Message: 
Stacktrace:
	GetHandleVerifier [0x0x7ff68dfb6f95+76917]
	GetHandleVerifier [0x0x7ff68dfb6ff0+77008]
	(No symbol) [0x0x7ff68dd69dea]
	(No symbol) [0x0x7ff68ddc0256]
	(No symbol) [0x0x7ff68ddc050c]
	(No symbol) [0x0x7ff68de13887]
	(No symbol) [0x0x7ff68dde84af]
	(No symbol) [0x0x7ff68de1065c]
	(No symbol) [0x0x7ff68dde8243]
	(No symbol) [0x0x7ff68ddb1431]
	(No symbol) [0x0x7ff68ddb21c3]
	GetHandleVerifier [0x0x7ff68e28d2cd+3051437]
	GetHandleVerifier [0x0x7ff68e287923+3028483]
	GetHandleVerifier [0x0x7ff68e2a58bd+3151261]
	GetHandleVerifier [0x0x7ff68dfd185e+185662]
	GetHandleVerifier [0x0x7ff68dfd971f+218111]
	GetHandleVerifier [0x0x7ff68dfbfb14+112628]
	GetHandleVerifier [0x0x7ff68dfbfcc9+113065]
	GetHandleVerifier [0x0x7ff68dfa6c98+10616]
	BaseThreadInitThunk [0x0x7ffbe54de8d7+23]
	RtlUserThreadStart [0x0x7ffbe66fc34c+44]

2025-07-07 20:28:34,633 [WARNING] 004 JUZGADO EJECUCIÓN DEL CIRCUITO → timeout en intento 2: Message: 
Stacktrace:
	GetHandleVerifier [0x0x7ff68dfb6f95+76917]
	GetHandleVerifier [0x0x7ff68dfb6ff0+77008]
	(No symbol) [0x0x7ff68dd69dea]
	(No symbol) [0x0x7ff68ddc0256]
	(No symbol) [0x0x7ff68ddc050c]
	(No symbol) [0x0x7ff68de13887]
	(No symbol) [0x0x7ff68dde84af]
	(No symbol) [0x0x7ff68de1065c]
	(No symbol) [0x0x7ff68dde8243]
	(No symbol) [0x0x7ff68ddb1431]
	(No symbol) [0x0x7ff68ddb21c3]
	GetHandleVerifier [0x0x7ff68e28d2cd+3051437]
	GetHandleVerifier [0x0x7ff68e287923+3028483]
	GetHandleVerifier [0x0x7ff68e2a58bd+3151261]
	GetHandleVerifier [0x0x7ff68dfd185e+185662]
	GetHandleVerifier [0x0x7ff68dfd971f+218111]
	GetHandleVerifier [0x0x7ff68dfbfb14+112628]
	GetHandleVerifier [0x0x7ff68dfbfcc9+113065]
	GetHandleVerifier [0x0x7ff68dfa6c98+10616]
	BaseThreadInitThunk [0x0x7ffbe54de8d7+23]
	RtlUserThreadStart [0x0x7ffbe66fc34c+44]

2025-07-07 20:28:34,636 [WARNING] 002 JUZGADO EJECUCIÓN DEL CIRCUITO → timeout en intento 2: Message: 
Stacktrace:
	GetHandleVerifier [0x0x7ff68dfb6f95+76917]
	GetHandleVerifier [0x0x7ff68dfb6ff0+77008]
	(No symbol) [0x0x7ff68dd69dea]
	(No symbol) [0x0x7ff68ddc0256]
	(No symbol) [0x0x7ff68ddc050c]
	(No symbol) [0x0x7ff68de13887]
	(No symbol) [0x0x7ff68dde84af]
	(No symbol) [0x0x7ff68de1065c]
	(No symbol) [0x0x7ff68dde8243]
	(No symbol) [0x0x7ff68ddb1431]
	(No symbol) [0x0x7ff68ddb21c3]
	GetHandleVerifier [0x0x7ff68e28d2cd+3051437]
	GetHandleVerifier [0x0x7ff68e287923+3028483]
	GetHandleVerifier [0x0x7ff68e2a58bd+3151261]
	GetHandleVerifier [0x0x7ff68dfd185e+185662]
	GetHandleVerifier [0x0x7ff68dfd971f+218111]
	GetHandleVerifier [0x0x7ff68dfbfb14+112628]
	GetHandleVerifier [0x0x7ff68dfbfcc9+113065]
	GetHandleVerifier [0x0x7ff68dfa6c98+10616]
	BaseThreadInitThunk [0x0x7ffbe54de8d7+23]
	RtlUserThreadStart [0x0x7ffbe66fc34c+44]

2025-07-07 20:28:34,638 [WARNING] 003 JUZGADO EJECUCIÓN DEL CIRCUITO → timeout en intento 2: Message: 
Stacktrace:
	GetHandleVerifier [0x0x7ff68dfb6f95+76917]
	GetHandleVerifier [0x0x7ff68dfb6ff0+77008]
	(No symbol) [0x0x7ff68dd69dea]
	(No symbol) [0x0x7ff68ddc0256]
	(No symbol) [0x0x7ff68ddc050c]
	(No symbol) [0x0x7ff68de13887]
	(No symbol) [0x0x7ff68dde84af]
	(No symbol) [0x0x7ff68de1065c]
	(No symbol) [0x0x7ff68dde8243]
	(No symbol) [0x0x7ff68ddb1431]
	(No symbol) [0x0x7ff68ddb21c3]
	GetHandleVerifier [0x0x7ff68e28d2cd+3051437]
	GetHandleVerifier [0x0x7ff68e287923+3028483]
	GetHandleVerifier [0x0x7ff68e2a58bd+3151261]
	GetHandleVerifier [0x0x7ff68dfd185e+185662]
	GetHandleVerifier [0x0x7ff68dfd971f+218111]
	GetHandleVerifier [0x0x7ff68dfbfb14+112628]
	GetHandleVerifier [0x0x7ff68dfbfcc9+113065]
	GetHandleVerifier [0x0x7ff68dfa6c98+10616]
	BaseThreadInitThunk [0x0x7ffbe54de8d7+23]
	RtlUserThreadStart [0x0x7ffbe66fc34c+44]

2025-07-07 20:28:34,714 [WARNING] 005 JUZGADO EJECUCIÓN DEL CIRCUITO → timeout en intento 2: Message: 
Stacktrace:
	GetHandleVerifier [0x0x7ff68dfb6f95+76917]
	GetHandleVerifier [0x0x7ff68dfb6ff0+77008]
	(No symbol) [0x0x7ff68dd69dea]
	(No symbol) [0x0x7ff68ddc0256]
	(No symbol) [0x0x7ff68ddc050c]
	(No symbol) [0x0x7ff68de13887]
	(No symbol) [0x0x7ff68dde84af]
	(No symbol) [0x0x7ff68de1065c]
	(No symbol) [0x0x7ff68dde8243]
	(No symbol) [0x0x7ff68ddb1431]
	(No symbol) [0x0x7ff68ddb21c3]
	GetHandleVerifier [0x0x7ff68e28d2cd+3051437]
	GetHandleVerifier [0x0x7ff68e287923+3028483]
	GetHandleVerifier [0x0x7ff68e2a58bd+3151261]
	GetHandleVerifier [0x0x7ff68dfd185e+185662]
	GetHandleVerifier [0x0x7ff68dfd971f+218111]
	GetHandleVerifier [0x0x7ff68dfbfb14+112628]
	GetHandleVerifier [0x0x7ff68dfbfcc9+113065]
	GetHandleVerifier [0x0x7ff68dfa6c98+10616]
	BaseThreadInitThunk [0x0x7ffbe54de8d7+23]
	RtlUserThreadStart [0x0x7ffbe66fc34c+44]

2025-07-07 20:28:34,715 [WARNING] 003 JUZGADO EJECUCIÓN DEL CIRCUITO → timeout en intento 2: Message: 
Stacktrace:
	GetHandleVerifier [0x0x7ff68dfb6f95+76917]
	GetHandleVerifier [0x0x7ff68dfb6ff0+77008]
	(No symbol) [0x0x7ff68dd69dea]
	(No symbol) [0x0x7ff68ddc0256]
	(No symbol) [0x0x7ff68ddc050c]
	(No symbol) [0x0x7ff68de13887]
	(No symbol) [0x0x7ff68dde84af]
	(No symbol) [0x0x7ff68de1065c]
	(No symbol) [0x0x7ff68dde8243]
	(No symbol) [0x0x7ff68ddb1431]
	(No symbol) [0x0x7ff68ddb21c3]
	GetHandleVerifier [0x0x7ff68e28d2cd+3051437]
	GetHandleVerifier [0x0x7ff68e287923+3028483]
	GetHandleVerifier [0x0x7ff68e2a58bd+3151261]
	GetHandleVerifier [0x0x7ff68dfd185e+185662]
	GetHandleVerifier [0x0x7ff68dfd971f+218111]
	GetHandleVerifier [0x0x7ff68dfbfb14+112628]
	GetHandleVerifier [0x0x7ff68dfbfcc9+113065]
	GetHandleVerifier [0x0x7ff68dfa6c98+10616]
	BaseThreadInitThunk [0x0x7ffbe54de8d7+23]
	RtlUserThreadStart [0x0x7ffbe66fc34c+44]

2025-07-07 20:28:35,121 [INFO] 003 JUZGADO EJECUCIÓN DEL CIRCUITO → intento 3/3
2025-07-07 20:28:35,135 [INFO] 004 JUZGADO EJECUCIÓN DEL CIRCUITO → intento 3/3
2025-07-07 20:28:35,138 [INFO] 002 JUZGADO EJECUCIÓN DEL CIRCUITO → intento 3/3
2025-07-07 20:28:35,139 [INFO] 003 JUZGADO EJECUCIÓN DEL CIRCUITO → intento 3/3
2025-07-07 20:28:35,216 [INFO] 003 JUZGADO EJECUCIÓN DEL CIRCUITO → intento 3/3
2025-07-07 20:28:35,216 [INFO] 005 JUZGADO EJECUCIÓN DEL CIRCUITO → intento 3/3
2025-07-07 20:28:48,054 [WARNING] 005 JUZGADO EJECUCIÓN DEL CIRCUITO → timeout en intento 3: Message: 
Stacktrace:
	GetHandleVerifier [0x0x7ff68dfb6f95+76917]
	GetHandleVerifier [0x0x7ff68dfb6ff0+77008]
	(No symbol) [0x0x7ff68dd69dea]
	(No symbol) [0x0x7ff68ddc0256]
	(No symbol) [0x0x7ff68ddc050c]
	(No symbol) [0x0x7ff68de13887]
	(No symbol) [0x0x7ff68dde84af]
	(No symbol) [0x0x7ff68de1065c]
	(No symbol) [0x0x7ff68dde8243]
	(No symbol) [0x0x7ff68ddb1431]
	(No symbol) [0x0x7ff68ddb21c3]
	GetHandleVerifier [0x0x7ff68e28d2cd+3051437]
	GetHandleVerifier [0x0x7ff68e287923+3028483]
	GetHandleVerifier [0x0x7ff68e2a58bd+3151261]
	GetHandleVerifier [0x0x7ff68dfd185e+185662]
	GetHandleVerifier [0x0x7ff68dfd971f+218111]
	GetHandleVerifier [0x0x7ff68dfbfb14+112628]
	GetHandleVerifier [0x0x7ff68dfbfcc9+113065]
	GetHandleVerifier [0x0x7ff68dfa6c98+10616]
	BaseThreadInitThunk [0x0x7ffbe54de8d7+23]
	RtlUserThreadStart [0x0x7ffbe66fc34c+44]

2025-07-07 20:28:51,264 [INFO] 003 JUZGADO EJECUCIÓN DEL CIRCUITO → intento 1/3
2025-07-07 20:28:54,376 [WARNING] 004 JUZGADO EJECUCIÓN DEL CIRCUITO → timeout en intento 3: Message: 
Stacktrace:
	GetHandleVerifier [0x0x7ff68dfb6f95+76917]
	GetHandleVerifier [0x0x7ff68dfb6ff0+77008]
	(No symbol) [0x0x7ff68dd69dea]
	(No symbol) [0x0x7ff68ddc0256]
	(No symbol) [0x0x7ff68ddc050c]
	(No symbol) [0x0x7ff68de13887]
	(No symbol) [0x0x7ff68dde84af]
	(No symbol) [0x0x7ff68de1065c]
	(No symbol) [0x0x7ff68dde8243]
	(No symbol) [0x0x7ff68ddb1431]
	(No symbol) [0x0x7ff68ddb21c3]
	GetHandleVerifier [0x0x7ff68e28d2cd+3051437]
	GetHandleVerifier [0x0x7ff68e287923+3028483]
	GetHandleVerifier [0x0x7ff68e2a58bd+3151261]
	GetHandleVerifier [0x0x7ff68dfd185e+185662]
	GetHandleVerifier [0x0x7ff68dfd971f+218111]
	GetHandleVerifier [0x0x7ff68dfbfb14+112628]
	GetHandleVerifier [0x0x7ff68dfbfcc9+113065]
	GetHandleVerifier [0x0x7ff68dfa6c98+10616]
	BaseThreadInitThunk [0x0x7ffbe54de8d7+23]
	RtlUserThreadStart [0x0x7ffbe66fc34c+44]

2025-07-07 20:28:54,431 [WARNING] 003 JUZGADO EJECUCIÓN DEL CIRCUITO → timeout en intento 3: Message: 
Stacktrace:
	GetHandleVerifier [0x0x7ff68dfb6f95+76917]
	GetHandleVerifier [0x0x7ff68dfb6ff0+77008]
	(No symbol) [0x0x7ff68dd69dea]
	(No symbol) [0x0x7ff68ddc0256]
	(No symbol) [0x0x7ff68ddc050c]
	(No symbol) [0x0x7ff68de13887]
	(No symbol) [0x0x7ff68dde84af]
	(No symbol) [0x0x7ff68de1065c]
	(No symbol) [0x0x7ff68dde8243]
	(No symbol) [0x0x7ff68ddb1431]
	(No symbol) [0x0x7ff68ddb21c3]
	GetHandleVerifier [0x0x7ff68e28d2cd+3051437]
	GetHandleVerifier [0x0x7ff68e287923+3028483]
	GetHandleVerifier [0x0x7ff68e2a58bd+3151261]
	GetHandleVerifier [0x0x7ff68dfd185e+185662]
	GetHandleVerifier [0x0x7ff68dfd971f+218111]
	GetHandleVerifier [0x0x7ff68dfbfb14+112628]
	GetHandleVerifier [0x0x7ff68dfbfcc9+113065]
	GetHandleVerifier [0x0x7ff68dfa6c98+10616]
	BaseThreadInitThunk [0x0x7ffbe54de8d7+23]
	RtlUserThreadStart [0x0x7ffbe66fc34c+44]

2025-07-07 20:28:54,501 [WARNING] 002 JUZGADO EJECUCIÓN DEL CIRCUITO → timeout en intento 3: Message: 
Stacktrace:
	GetHandleVerifier [0x0x7ff68dfb6f95+76917]
	GetHandleVerifier [0x0x7ff68dfb6ff0+77008]
	(No symbol) [0x0x7ff68dd69dea]
	(No symbol) [0x0x7ff68ddc0256]
	(No symbol) [0x0x7ff68ddc050c]
	(No symbol) [0x0x7ff68de13887]
	(No symbol) [0x0x7ff68dde84af]
	(No symbol) [0x0x7ff68de1065c]
	(No symbol) [0x0x7ff68dde8243]
	(No symbol) [0x0x7ff68ddb1431]
	(No symbol) [0x0x7ff68ddb21c3]
	GetHandleVerifier [0x0x7ff68e28d2cd+3051437]
	GetHandleVerifier [0x0x7ff68e287923+3028483]
	GetHandleVerifier [0x0x7ff68e2a58bd+3151261]
	GetHandleVerifier [0x0x7ff68dfd185e+185662]
	GetHandleVerifier [0x0x7ff68dfd971f+218111]
	GetHandleVerifier [0x0x7ff68dfbfb14+112628]
	GetHandleVerifier [0x0x7ff68dfbfcc9+113065]
	GetHandleVerifier [0x0x7ff68dfa6c98+10616]
	BaseThreadInitThunk [0x0x7ffbe54de8d7+23]
	RtlUserThreadStart [0x0x7ffbe66fc34c+44]

2025-07-07 20:28:54,845 [WARNING] 003 JUZGADO EJECUCIÓN DEL CIRCUITO → timeout en intento 3: Message: 
Stacktrace:
	GetHandleVerifier [0x0x7ff68dfb6f95+76917]
	GetHandleVerifier [0x0x7ff68dfb6ff0+77008]
	(No symbol) [0x0x7ff68dd69dea]
	(No symbol) [0x0x7ff68ddc0256]
	(No symbol) [0x0x7ff68ddc050c]
	(No symbol) [0x0x7ff68de13887]
	(No symbol) [0x0x7ff68dde84af]
	(No symbol) [0x0x7ff68de1065c]
	(No symbol) [0x0x7ff68dde8243]
	(No symbol) [0x0x7ff68ddb1431]
	(No symbol) [0x0x7ff68ddb21c3]
	GetHandleVerifier [0x0x7ff68e28d2cd+3051437]
	GetHandleVerifier [0x0x7ff68e287923+3028483]
	GetHandleVerifier [0x0x7ff68e2a58bd+3151261]
	GetHandleVerifier [0x0x7ff68dfd185e+185662]
	GetHandleVerifier [0x0x7ff68dfd971f+218111]
	GetHandleVerifier [0x0x7ff68dfbfb14+112628]
	GetHandleVerifier [0x0x7ff68dfbfcc9+113065]
	GetHandleVerifier [0x0x7ff68dfa6c98+10616]
	BaseThreadInitThunk [0x0x7ffbe54de8d7+23]
	RtlUserThreadStart [0x0x7ffbe66fc34c+44]

2025-07-07 20:28:55,900 [WARNING] 005 JUZGADO EJECUCIÓN DEL CIRCUITO → timeout en intento 3: Message: 
Stacktrace:
	GetHandleVerifier [0x0x7ff68dfb6f95+76917]
	GetHandleVerifier [0x0x7ff68dfb6ff0+77008]
	(No symbol) [0x0x7ff68dd69dea]
	(No symbol) [0x0x7ff68ddc0256]
	(No symbol) [0x0x7ff68ddc050c]
	(No symbol) [0x0x7ff68de13887]
	(No symbol) [0x0x7ff68dde84af]
	(No symbol) [0x0x7ff68de1065c]
	(No symbol) [0x0x7ff68dde8243]
	(No symbol) [0x0x7ff68ddb1431]
	(No symbol) [0x0x7ff68ddb21c3]
	GetHandleVerifier [0x0x7ff68e28d2cd+3051437]
	GetHandleVerifier [0x0x7ff68e287923+3028483]
	GetHandleVerifier [0x0x7ff68e2a58bd+3151261]
	GetHandleVerifier [0x0x7ff68dfd185e+185662]
	GetHandleVerifier [0x0x7ff68dfd971f+218111]
	GetHandleVerifier [0x0x7ff68dfbfb14+112628]
	GetHandleVerifier [0x0x7ff68dfbfcc9+113065]
	GetHandleVerifier [0x0x7ff68dfa6c98+10616]
	BaseThreadInitThunk [0x0x7ffbe54de8d7+23]
	RtlUserThreadStart [0x0x7ffbe66fc34c+44]

2025-07-07 20:28:56,027 [WARNING] 003 JUZGADO EJECUCIÓN DEL CIRCUITO → timeout en intento 3: Message: 
Stacktrace:
	GetHandleVerifier [0x0x7ff68dfb6f95+76917]
	GetHandleVerifier [0x0x7ff68dfb6ff0+77008]
	(No symbol) [0x0x7ff68dd69dea]
	(No symbol) [0x0x7ff68ddc0256]
	(No symbol) [0x0x7ff68ddc050c]
	(No symbol) [0x0x7ff68de13887]
	(No symbol) [0x0x7ff68dde84af]
	(No symbol) [0x0x7ff68de1065c]
	(No symbol) [0x0x7ff68dde8243]
	(No symbol) [0x0x7ff68ddb1431]
	(No symbol) [0x0x7ff68ddb21c3]
	GetHandleVerifier [0x0x7ff68e28d2cd+3051437]
	GetHandleVerifier [0x0x7ff68e287923+3028483]
	GetHandleVerifier [0x0x7ff68e2a58bd+3151261]
	GetHandleVerifier [0x0x7ff68dfd185e+185662]
	GetHandleVerifier [0x0x7ff68dfd971f+218111]
	GetHandleVerifier [0x0x7ff68dfbfb14+112628]
	GetHandleVerifier [0x0x7ff68dfbfcc9+113065]
	GetHandleVerifier [0x0x7ff68dfa6c98+10616]
	BaseThreadInitThunk [0x0x7ffbe54de8d7+23]
	RtlUserThreadStart [0x0x7ffbe66fc34c+44]

2025-07-07 20:28:57,674 [INFO] 002 JUZGADO EJECUCIÓN DEL CIRCUITO → intento 1/3
2025-07-07 20:28:57,877 [INFO] 005 JUZGADO EJECUCIÓN DEL CIRCUITO → intento 1/3
2025-07-07 20:28:57,955 [INFO] 003 JUZGADO EJECUCIÓN DEL CIRCUITO → intento 1/3
2025-07-07 20:28:58,306 [INFO] 002 JUZGADO EJECUCIÓN DEL CIRCUITO → intento 1/3
2025-07-07 20:28:59,408 [INFO] 004 JUZGADO EJECUCIÓN DEL CIRCUITO → intento 1/3
2025-07-07 20:28:59,453 [INFO] 005 JUZGADO EJECUCIÓN DEL CIRCUITO → intento 1/3
2025-07-07 20:29:08,441 [WARNING] 003 JUZGADO EJECUCIÓN DEL CIRCUITO → timeout en intento 1: Message: 
Stacktrace:
	GetHandleVerifier [0x0x7ff68dfb6f95+76917]
	GetHandleVerifier [0x0x7ff68dfb6ff0+77008]
	(No symbol) [0x0x7ff68dd69dea]
	(No symbol) [0x0x7ff68ddc0256]
	(No symbol) [0x0x7ff68ddc050c]
	(No symbol) [0x0x7ff68de13887]
	(No symbol) [0x0x7ff68dde84af]
	(No symbol) [0x0x7ff68de1065c]
	(No symbol) [0x0x7ff68dde8243]
	(No symbol) [0x0x7ff68ddb1431]
	(No symbol) [0x0x7ff68ddb21c3]
	GetHandleVerifier [0x0x7ff68e28d2cd+3051437]
	GetHandleVerifier [0x0x7ff68e287923+3028483]
	GetHandleVerifier [0x0x7ff68e2a58bd+3151261]
	GetHandleVerifier [0x0x7ff68dfd185e+185662]
	GetHandleVerifier [0x0x7ff68dfd971f+218111]
	GetHandleVerifier [0x0x7ff68dfbfb14+112628]
	GetHandleVerifier [0x0x7ff68dfbfcc9+113065]
	GetHandleVerifier [0x0x7ff68dfa6c98+10616]
	BaseThreadInitThunk [0x0x7ffbe54de8d7+23]
	RtlUserThreadStart [0x0x7ffbe66fc34c+44]

2025-07-07 20:29:08,942 [INFO] 003 JUZGADO EJECUCIÓN DEL CIRCUITO → intento 2/3
2025-07-07 20:29:15,272 [WARNING] 002 JUZGADO EJECUCIÓN DEL CIRCUITO → timeout en intento 1: Message: 
Stacktrace:
	GetHandleVerifier [0x0x7ff68dfb6f95+76917]
	GetHandleVerifier [0x0x7ff68dfb6ff0+77008]
	(No symbol) [0x0x7ff68dd69dea]
	(No symbol) [0x0x7ff68ddc0256]
	(No symbol) [0x0x7ff68ddc050c]
	(No symbol) [0x0x7ff68de13887]
	(No symbol) [0x0x7ff68dde84af]
	(No symbol) [0x0x7ff68de1065c]
	(No symbol) [0x0x7ff68dde8243]
	(No symbol) [0x0x7ff68ddb1431]
	(No symbol) [0x0x7ff68ddb21c3]
	GetHandleVerifier [0x0x7ff68e28d2cd+3051437]
	GetHandleVerifier [0x0x7ff68e287923+3028483]
	GetHandleVerifier [0x0x7ff68e2a58bd+3151261]
	GetHandleVerifier [0x0x7ff68dfd185e+185662]
	GetHandleVerifier [0x0x7ff68dfd971f+218111]
	GetHandleVerifier [0x0x7ff68dfbfb14+112628]
	GetHandleVerifier [0x0x7ff68dfbfcc9+113065]
	GetHandleVerifier [0x0x7ff68dfa6c98+10616]
	BaseThreadInitThunk [0x0x7ffbe54de8d7+23]
	RtlUserThreadStart [0x0x7ffbe66fc34c+44]

2025-07-07 20:29:15,774 [INFO] 002 JUZGADO EJECUCIÓN DEL CIRCUITO → intento 2/3
2025-07-07 20:29:16,011 [WARNING] 005 JUZGADO EJECUCIÓN DEL CIRCUITO → timeout en intento 1: Message: 
Stacktrace:
	GetHandleVerifier [0x0x7ff68dfb6f95+76917]
	GetHandleVerifier [0x0x7ff68dfb6ff0+77008]
	(No symbol) [0x0x7ff68dd69dea]
	(No symbol) [0x0x7ff68ddc0256]
	(No symbol) [0x0x7ff68ddc050c]
	(No symbol) [0x0x7ff68de13887]
	(No symbol) [0x0x7ff68dde84af]
	(No symbol) [0x0x7ff68de1065c]
	(No symbol) [0x0x7ff68dde8243]
	(No symbol) [0x0x7ff68ddb1431]
	(No symbol) [0x0x7ff68ddb21c3]
	GetHandleVerifier [0x0x7ff68e28d2cd+3051437]
	GetHandleVerifier [0x0x7ff68e287923+3028483]
	GetHandleVerifier [0x0x7ff68e2a58bd+3151261]
	GetHandleVerifier [0x0x7ff68dfd185e+185662]
	GetHandleVerifier [0x0x7ff68dfd971f+218111]
	GetHandleVerifier [0x0x7ff68dfbfb14+112628]
	GetHandleVerifier [0x0x7ff68dfbfcc9+113065]
	GetHandleVerifier [0x0x7ff68dfa6c98+10616]
	BaseThreadInitThunk [0x0x7ffbe54de8d7+23]
	RtlUserThreadStart [0x0x7ffbe66fc34c+44]

2025-07-07 20:29:16,012 [WARNING] 004 JUZGADO EJECUCIÓN DEL CIRCUITO → timeout en intento 1: Message: 
Stacktrace:
	GetHandleVerifier [0x0x7ff68dfb6f95+76917]
	GetHandleVerifier [0x0x7ff68dfb6ff0+77008]
	(No symbol) [0x0x7ff68dd69dea]
	(No symbol) [0x0x7ff68ddc0256]
	(No symbol) [0x0x7ff68ddc050c]
	(No symbol) [0x0x7ff68de13887]
	(No symbol) [0x0x7ff68dde84af]
	(No symbol) [0x0x7ff68de1065c]
	(No symbol) [0x0x7ff68dde8243]
	(No symbol) [0x0x7ff68ddb1431]
	(No symbol) [0x0x7ff68ddb21c3]
	GetHandleVerifier [0x0x7ff68e28d2cd+3051437]
	GetHandleVerifier [0x0x7ff68e287923+3028483]
	GetHandleVerifier [0x0x7ff68e2a58bd+3151261]
	GetHandleVerifier [0x0x7ff68dfd185e+185662]
	GetHandleVerifier [0x0x7ff68dfd971f+218111]
	GetHandleVerifier [0x0x7ff68dfbfb14+112628]
	GetHandleVerifier [0x0x7ff68dfbfcc9+113065]
	GetHandleVerifier [0x0x7ff68dfa6c98+10616]
	BaseThreadInitThunk [0x0x7ffbe54de8d7+23]
	RtlUserThreadStart [0x0x7ffbe66fc34c+44]

2025-07-07 20:29:16,092 [WARNING] 005 JUZGADO EJECUCIÓN DEL CIRCUITO → timeout en intento 1: Message: 
Stacktrace:
	GetHandleVerifier [0x0x7ff68dfb6f95+76917]
	GetHandleVerifier [0x0x7ff68dfb6ff0+77008]
	(No symbol) [0x0x7ff68dd69dea]
	(No symbol) [0x0x7ff68ddc0256]
	(No symbol) [0x0x7ff68ddc050c]
	(No symbol) [0x0x7ff68de13887]
	(No symbol) [0x0x7ff68dde84af]
	(No symbol) [0x0x7ff68de1065c]
	(No symbol) [0x0x7ff68dde8243]
	(No symbol) [0x0x7ff68ddb1431]
	(No symbol) [0x0x7ff68ddb21c3]
	GetHandleVerifier [0x0x7ff68e28d2cd+3051437]
	GetHandleVerifier [0x0x7ff68e287923+3028483]
	GetHandleVerifier [0x0x7ff68e2a58bd+3151261]
	GetHandleVerifier [0x0x7ff68dfd185e+185662]
	GetHandleVerifier [0x0x7ff68dfd971f+218111]
	GetHandleVerifier [0x0x7ff68dfbfb14+112628]
	GetHandleVerifier [0x0x7ff68dfbfcc9+113065]
	GetHandleVerifier [0x0x7ff68dfa6c98+10616]
	BaseThreadInitThunk [0x0x7ffbe54de8d7+23]
	RtlUserThreadStart [0x0x7ffbe66fc34c+44]

2025-07-07 20:29:16,513 [INFO] 005 JUZGADO EJECUCIÓN DEL CIRCUITO → intento 2/3
2025-07-07 20:29:16,514 [INFO] 004 JUZGADO EJECUCIÓN DEL CIRCUITO → intento 2/3
2025-07-07 20:29:16,524 [WARNING] 003 JUZGADO EJECUCIÓN DEL CIRCUITO → timeout en intento 1: Message: 
Stacktrace:
	GetHandleVerifier [0x0x7ff68dfb6f95+76917]
	GetHandleVerifier [0x0x7ff68dfb6ff0+77008]
	(No symbol) [0x0x7ff68dd69dea]
	(No symbol) [0x0x7ff68ddc0256]
	(No symbol) [0x0x7ff68ddc050c]
	(No symbol) [0x0x7ff68de13887]
	(No symbol) [0x0x7ff68dde84af]
	(No symbol) [0x0x7ff68de1065c]
	(No symbol) [0x0x7ff68dde8243]
	(No symbol) [0x0x7ff68ddb1431]
	(No symbol) [0x0x7ff68ddb21c3]
	GetHandleVerifier [0x0x7ff68e28d2cd+3051437]
	GetHandleVerifier [0x0x7ff68e287923+3028483]
	GetHandleVerifier [0x0x7ff68e2a58bd+3151261]
	GetHandleVerifier [0x0x7ff68dfd185e+185662]
	GetHandleVerifier [0x0x7ff68dfd971f+218111]
	GetHandleVerifier [0x0x7ff68dfbfb14+112628]
	GetHandleVerifier [0x0x7ff68dfbfcc9+113065]
	GetHandleVerifier [0x0x7ff68dfa6c98+10616]
	BaseThreadInitThunk [0x0x7ffbe54de8d7+23]
	RtlUserThreadStart [0x0x7ffbe66fc34c+44]

2025-07-07 20:29:16,593 [INFO] 005 JUZGADO EJECUCIÓN DEL CIRCUITO → intento 2/3
2025-07-07 20:29:16,651 [WARNING] 002 JUZGADO EJECUCIÓN DEL CIRCUITO → timeout en intento 1: Message: 
Stacktrace:
	GetHandleVerifier [0x0x7ff68dfb6f95+76917]
	GetHandleVerifier [0x0x7ff68dfb6ff0+77008]
	(No symbol) [0x0x7ff68dd69dea]
	(No symbol) [0x0x7ff68ddc0256]
	(No symbol) [0x0x7ff68ddc050c]
	(No symbol) [0x0x7ff68de13887]
	(No symbol) [0x0x7ff68dde84af]
	(No symbol) [0x0x7ff68de1065c]
	(No symbol) [0x0x7ff68dde8243]
	(No symbol) [0x0x7ff68ddb1431]
	(No symbol) [0x0x7ff68ddb21c3]
	GetHandleVerifier [0x0x7ff68e28d2cd+3051437]
	GetHandleVerifier [0x0x7ff68e287923+3028483]
	GetHandleVerifier [0x0x7ff68e2a58bd+3151261]
	GetHandleVerifier [0x0x7ff68dfd185e+185662]
	GetHandleVerifier [0x0x7ff68dfd971f+218111]
	GetHandleVerifier [0x0x7ff68dfbfb14+112628]
	GetHandleVerifier [0x0x7ff68dfbfcc9+113065]
	GetHandleVerifier [0x0x7ff68dfa6c98+10616]
	BaseThreadInitThunk [0x0x7ffbe54de8d7+23]
	RtlUserThreadStart [0x0x7ffbe66fc34c+44]

2025-07-07 20:29:17,025 [INFO] 003 JUZGADO EJECUCIÓN DEL CIRCUITO → intento 2/3
2025-07-07 20:29:17,152 [INFO] 002 JUZGADO EJECUCIÓN DEL CIRCUITO → intento 2/3
2025-07-07 20:29:25,592 [WARNING] 003 JUZGADO EJECUCIÓN DEL CIRCUITO → timeout en intento 2: Message: 
Stacktrace:
	GetHandleVerifier [0x0x7ff68dfb6f95+76917]
	GetHandleVerifier [0x0x7ff68dfb6ff0+77008]
	(No symbol) [0x0x7ff68dd69dea]
	(No symbol) [0x0x7ff68ddc0256]
	(No symbol) [0x0x7ff68ddc050c]
	(No symbol) [0x0x7ff68de13887]
	(No symbol) [0x0x7ff68dde84af]
	(No symbol) [0x0x7ff68de1065c]
	(No symbol) [0x0x7ff68dde8243]
	(No symbol) [0x0x7ff68ddb1431]
	(No symbol) [0x0x7ff68ddb21c3]
	GetHandleVerifier [0x0x7ff68e28d2cd+3051437]
	GetHandleVerifier [0x0x7ff68e287923+3028483]
	GetHandleVerifier [0x0x7ff68e2a58bd+3151261]
	GetHandleVerifier [0x0x7ff68dfd185e+185662]
	GetHandleVerifier [0x0x7ff68dfd971f+218111]
	GetHandleVerifier [0x0x7ff68dfbfb14+112628]
	GetHandleVerifier [0x0x7ff68dfbfcc9+113065]
	GetHandleVerifier [0x0x7ff68dfa6c98+10616]
	BaseThreadInitThunk [0x0x7ffbe54de8d7+23]
	RtlUserThreadStart [0x0x7ffbe66fc34c+44]

2025-07-07 20:29:26,093 [INFO] 003 JUZGADO EJECUCIÓN DEL CIRCUITO → intento 3/3
2025-07-07 20:29:32,293 [WARNING] 002 JUZGADO EJECUCIÓN DEL CIRCUITO → timeout en intento 2: Message: 
Stacktrace:
	GetHandleVerifier [0x0x7ff68dfb6f95+76917]
	GetHandleVerifier [0x0x7ff68dfb6ff0+77008]
	(No symbol) [0x0x7ff68dd69dea]
	(No symbol) [0x0x7ff68ddc0256]
	(No symbol) [0x0x7ff68ddc050c]
	(No symbol) [0x0x7ff68de13887]
	(No symbol) [0x0x7ff68dde84af]
	(No symbol) [0x0x7ff68de1065c]
	(No symbol) [0x0x7ff68dde8243]
	(No symbol) [0x0x7ff68ddb1431]
	(No symbol) [0x0x7ff68ddb21c3]
	GetHandleVerifier [0x0x7ff68e28d2cd+3051437]
	GetHandleVerifier [0x0x7ff68e287923+3028483]
	GetHandleVerifier [0x0x7ff68e2a58bd+3151261]
	GetHandleVerifier [0x0x7ff68dfd185e+185662]
	GetHandleVerifier [0x0x7ff68dfd971f+218111]
	GetHandleVerifier [0x0x7ff68dfbfb14+112628]
	GetHandleVerifier [0x0x7ff68dfbfcc9+113065]
	GetHandleVerifier [0x0x7ff68dfa6c98+10616]
	BaseThreadInitThunk [0x0x7ffbe54de8d7+23]
	RtlUserThreadStart [0x0x7ffbe66fc34c+44]

2025-07-07 20:29:32,568 [WARNING] 005 JUZGADO EJECUCIÓN DEL CIRCUITO → timeout en intento 2: Message: 
Stacktrace:
	GetHandleVerifier [0x0x7ff68dfb6f95+76917]
	GetHandleVerifier [0x0x7ff68dfb6ff0+77008]
	(No symbol) [0x0x7ff68dd69dea]
	(No symbol) [0x0x7ff68ddc0256]
	(No symbol) [0x0x7ff68ddc050c]
	(No symbol) [0x0x7ff68de13887]
	(No symbol) [0x0x7ff68dde84af]
	(No symbol) [0x0x7ff68de1065c]
	(No symbol) [0x0x7ff68dde8243]
	(No symbol) [0x0x7ff68ddb1431]
	(No symbol) [0x0x7ff68ddb21c3]
	GetHandleVerifier [0x0x7ff68e28d2cd+3051437]
	GetHandleVerifier [0x0x7ff68e287923+3028483]
	GetHandleVerifier [0x0x7ff68e2a58bd+3151261]
	GetHandleVerifier [0x0x7ff68dfd185e+185662]
	GetHandleVerifier [0x0x7ff68dfd971f+218111]
	GetHandleVerifier [0x0x7ff68dfbfb14+112628]
	GetHandleVerifier [0x0x7ff68dfbfcc9+113065]
	GetHandleVerifier [0x0x7ff68dfa6c98+10616]
	BaseThreadInitThunk [0x0x7ffbe54de8d7+23]
	RtlUserThreadStart [0x0x7ffbe66fc34c+44]

2025-07-07 20:29:32,604 [WARNING] 004 JUZGADO EJECUCIÓN DEL CIRCUITO → timeout en intento 2: Message: 
Stacktrace:
	GetHandleVerifier [0x0x7ff68dfb6f95+76917]
	GetHandleVerifier [0x0x7ff68dfb6ff0+77008]
	(No symbol) [0x0x7ff68dd69dea]
	(No symbol) [0x0x7ff68ddc0256]
	(No symbol) [0x0x7ff68ddc050c]
	(No symbol) [0x0x7ff68de13887]
	(No symbol) [0x0x7ff68dde84af]
	(No symbol) [0x0x7ff68de1065c]
	(No symbol) [0x0x7ff68dde8243]
	(No symbol) [0x0x7ff68ddb1431]
	(No symbol) [0x0x7ff68ddb21c3]
	GetHandleVerifier [0x0x7ff68e28d2cd+3051437]
	GetHandleVerifier [0x0x7ff68e287923+3028483]
	GetHandleVerifier [0x0x7ff68e2a58bd+3151261]
	GetHandleVerifier [0x0x7ff68dfd185e+185662]
	GetHandleVerifier [0x0x7ff68dfd971f+218111]
	GetHandleVerifier [0x0x7ff68dfbfb14+112628]
	GetHandleVerifier [0x0x7ff68dfbfcc9+113065]
	GetHandleVerifier [0x0x7ff68dfa6c98+10616]
	BaseThreadInitThunk [0x0x7ffbe54de8d7+23]
	RtlUserThreadStart [0x0x7ffbe66fc34c+44]

2025-07-07 20:29:32,795 [INFO] 002 JUZGADO EJECUCIÓN DEL CIRCUITO → intento 3/3
2025-07-07 20:29:33,070 [INFO] 005 JUZGADO EJECUCIÓN DEL CIRCUITO → intento 3/3
2025-07-07 20:29:33,106 [INFO] 004 JUZGADO EJECUCIÓN DEL CIRCUITO → intento 3/3
2025-07-07 20:29:33,583 [WARNING] 005 JUZGADO EJECUCIÓN DEL CIRCUITO → timeout en intento 2: Message: 
Stacktrace:
	GetHandleVerifier [0x0x7ff68dfb6f95+76917]
	GetHandleVerifier [0x0x7ff68dfb6ff0+77008]
	(No symbol) [0x0x7ff68dd69dea]
	(No symbol) [0x0x7ff68ddc0256]
	(No symbol) [0x0x7ff68ddc050c]
	(No symbol) [0x0x7ff68de13887]
	(No symbol) [0x0x7ff68dde84af]
	(No symbol) [0x0x7ff68de1065c]
	(No symbol) [0x0x7ff68dde8243]
	(No symbol) [0x0x7ff68ddb1431]
	(No symbol) [0x0x7ff68ddb21c3]
	GetHandleVerifier [0x0x7ff68e28d2cd+3051437]
	GetHandleVerifier [0x0x7ff68e287923+3028483]
	GetHandleVerifier [0x0x7ff68e2a58bd+3151261]
	GetHandleVerifier [0x0x7ff68dfd185e+185662]
	GetHandleVerifier [0x0x7ff68dfd971f+218111]
	GetHandleVerifier [0x0x7ff68dfbfb14+112628]
	GetHandleVerifier [0x0x7ff68dfbfcc9+113065]
	GetHandleVerifier [0x0x7ff68dfa6c98+10616]
	BaseThreadInitThunk [0x0x7ffbe54de8d7+23]
	RtlUserThreadStart [0x0x7ffbe66fc34c+44]

2025-07-07 20:29:34,005 [WARNING] 003 JUZGADO EJECUCIÓN DEL CIRCUITO → timeout en intento 2: Message: 
Stacktrace:
	GetHandleVerifier [0x0x7ff68dfb6f95+76917]
	GetHandleVerifier [0x0x7ff68dfb6ff0+77008]
	(No symbol) [0x0x7ff68dd69dea]
	(No symbol) [0x0x7ff68ddc0256]
	(No symbol) [0x0x7ff68ddc050c]
	(No symbol) [0x0x7ff68de13887]
	(No symbol) [0x0x7ff68dde84af]
	(No symbol) [0x0x7ff68de1065c]
	(No symbol) [0x0x7ff68dde8243]
	(No symbol) [0x0x7ff68ddb1431]
	(No symbol) [0x0x7ff68ddb21c3]
	GetHandleVerifier [0x0x7ff68e28d2cd+3051437]
	GetHandleVerifier [0x0x7ff68e287923+3028483]
	GetHandleVerifier [0x0x7ff68e2a58bd+3151261]
	GetHandleVerifier [0x0x7ff68dfd185e+185662]
	GetHandleVerifier [0x0x7ff68dfd971f+218111]
	GetHandleVerifier [0x0x7ff68dfbfb14+112628]
	GetHandleVerifier [0x0x7ff68dfbfcc9+113065]
	GetHandleVerifier [0x0x7ff68dfa6c98+10616]
	BaseThreadInitThunk [0x0x7ffbe54de8d7+23]
	RtlUserThreadStart [0x0x7ffbe66fc34c+44]

2025-07-07 20:29:34,084 [INFO] 005 JUZGADO EJECUCIÓN DEL CIRCUITO → intento 3/3
2025-07-07 20:29:34,091 [WARNING] 002 JUZGADO EJECUCIÓN DEL CIRCUITO → timeout en intento 2: Message: 
Stacktrace:
	GetHandleVerifier [0x0x7ff68dfb6f95+76917]
	GetHandleVerifier [0x0x7ff68dfb6ff0+77008]
	(No symbol) [0x0x7ff68dd69dea]
	(No symbol) [0x0x7ff68ddc0256]
	(No symbol) [0x0x7ff68ddc050c]
	(No symbol) [0x0x7ff68de13887]
	(No symbol) [0x0x7ff68dde84af]
	(No symbol) [0x0x7ff68de1065c]
	(No symbol) [0x0x7ff68dde8243]
	(No symbol) [0x0x7ff68ddb1431]
	(No symbol) [0x0x7ff68ddb21c3]
	GetHandleVerifier [0x0x7ff68e28d2cd+3051437]
	GetHandleVerifier [0x0x7ff68e287923+3028483]
	GetHandleVerifier [0x0x7ff68e2a58bd+3151261]
	GetHandleVerifier [0x0x7ff68dfd185e+185662]
	GetHandleVerifier [0x0x7ff68dfd971f+218111]
	GetHandleVerifier [0x0x7ff68dfbfb14+112628]
	GetHandleVerifier [0x0x7ff68dfbfcc9+113065]
	GetHandleVerifier [0x0x7ff68dfa6c98+10616]
	BaseThreadInitThunk [0x0x7ffbe54de8d7+23]
	RtlUserThreadStart [0x0x7ffbe66fc34c+44]

2025-07-07 20:29:34,506 [INFO] 003 JUZGADO EJECUCIÓN DEL CIRCUITO → intento 3/3
2025-07-07 20:29:34,592 [INFO] 002 JUZGADO EJECUCIÓN DEL CIRCUITO → intento 3/3
2025-07-07 20:29:43,224 [WARNING] 003 JUZGADO EJECUCIÓN DEL CIRCUITO → timeout en intento 3: Message: 
Stacktrace:
	GetHandleVerifier [0x0x7ff68dfb6f95+76917]
	GetHandleVerifier [0x0x7ff68dfb6ff0+77008]
	(No symbol) [0x0x7ff68dd69dea]
	(No symbol) [0x0x7ff68ddc0256]
	(No symbol) [0x0x7ff68ddc050c]
	(No symbol) [0x0x7ff68de13887]
	(No symbol) [0x0x7ff68dde84af]
	(No symbol) [0x0x7ff68de1065c]
	(No symbol) [0x0x7ff68dde8243]
	(No symbol) [0x0x7ff68ddb1431]
	(No symbol) [0x0x7ff68ddb21c3]
	GetHandleVerifier [0x0x7ff68e28d2cd+3051437]
	GetHandleVerifier [0x0x7ff68e287923+3028483]
	GetHandleVerifier [0x0x7ff68e2a58bd+3151261]
	GetHandleVerifier [0x0x7ff68dfd185e+185662]
	GetHandleVerifier [0x0x7ff68dfd971f+218111]
	GetHandleVerifier [0x0x7ff68dfbfb14+112628]
	GetHandleVerifier [0x0x7ff68dfbfcc9+113065]
	GetHandleVerifier [0x0x7ff68dfa6c98+10616]
	BaseThreadInitThunk [0x0x7ffbe54de8d7+23]
	RtlUserThreadStart [0x0x7ffbe66fc34c+44]

2025-07-07 20:29:46,456 [INFO] 002 JUZGADO EJECUCIÓN DEL CIRCUITO → intento 1/3
2025-07-07 20:29:49,193 [WARNING] 002 JUZGADO EJECUCIÓN DEL CIRCUITO → timeout en intento 3: Message: 
Stacktrace:
	GetHandleVerifier [0x0x7ff68dfb6f95+76917]
	GetHandleVerifier [0x0x7ff68dfb6ff0+77008]
	(No symbol) [0x0x7ff68dd69dea]
	(No symbol) [0x0x7ff68ddc0256]
	(No symbol) [0x0x7ff68ddc050c]
	(No symbol) [0x0x7ff68de13887]
	(No symbol) [0x0x7ff68dde84af]
	(No symbol) [0x0x7ff68de1065c]
	(No symbol) [0x0x7ff68dde8243]
	(No symbol) [0x0x7ff68ddb1431]
	(No symbol) [0x0x7ff68ddb21c3]
	GetHandleVerifier [0x0x7ff68e28d2cd+3051437]
	GetHandleVerifier [0x0x7ff68e287923+3028483]
	GetHandleVerifier [0x0x7ff68e2a58bd+3151261]
	GetHandleVerifier [0x0x7ff68dfd185e+185662]
	GetHandleVerifier [0x0x7ff68dfd971f+218111]
	GetHandleVerifier [0x0x7ff68dfbfb14+112628]
	GetHandleVerifier [0x0x7ff68dfbfcc9+113065]
	GetHandleVerifier [0x0x7ff68dfa6c98+10616]
	BaseThreadInitThunk [0x0x7ffbe54de8d7+23]
	RtlUserThreadStart [0x0x7ffbe66fc34c+44]

2025-07-07 20:29:50,562 [WARNING] 005 JUZGADO EJECUCIÓN DEL CIRCUITO → timeout en intento 3: Message: 
Stacktrace:
	GetHandleVerifier [0x0x7ff68dfb6f95+76917]
	GetHandleVerifier [0x0x7ff68dfb6ff0+77008]
	(No symbol) [0x0x7ff68dd69dea]
	(No symbol) [0x0x7ff68ddc0256]
	(No symbol) [0x0x7ff68ddc050c]
	(No symbol) [0x0x7ff68de13887]
	(No symbol) [0x0x7ff68dde84af]
	(No symbol) [0x0x7ff68de1065c]
	(No symbol) [0x0x7ff68dde8243]
	(No symbol) [0x0x7ff68ddb1431]
	(No symbol) [0x0x7ff68ddb21c3]
	GetHandleVerifier [0x0x7ff68e28d2cd+3051437]
	GetHandleVerifier [0x0x7ff68e287923+3028483]
	GetHandleVerifier [0x0x7ff68e2a58bd+3151261]
	GetHandleVerifier [0x0x7ff68dfd185e+185662]
	GetHandleVerifier [0x0x7ff68dfd971f+218111]
	GetHandleVerifier [0x0x7ff68dfbfb14+112628]
	GetHandleVerifier [0x0x7ff68dfbfcc9+113065]
	GetHandleVerifier [0x0x7ff68dfa6c98+10616]
	BaseThreadInitThunk [0x0x7ffbe54de8d7+23]
	RtlUserThreadStart [0x0x7ffbe66fc34c+44]

2025-07-07 20:29:50,714 [WARNING] 005 JUZGADO EJECUCIÓN DEL CIRCUITO → timeout en intento 3: Message: 
Stacktrace:
	GetHandleVerifier [0x0x7ff68dfb6f95+76917]
	GetHandleVerifier [0x0x7ff68dfb6ff0+77008]
	(No symbol) [0x0x7ff68dd69dea]
	(No symbol) [0x0x7ff68ddc0256]
	(No symbol) [0x0x7ff68ddc050c]
	(No symbol) [0x0x7ff68de13887]
	(No symbol) [0x0x7ff68dde84af]
	(No symbol) [0x0x7ff68de1065c]
	(No symbol) [0x0x7ff68dde8243]
	(No symbol) [0x0x7ff68ddb1431]
	(No symbol) [0x0x7ff68ddb21c3]
	GetHandleVerifier [0x0x7ff68e28d2cd+3051437]
	GetHandleVerifier [0x0x7ff68e287923+3028483]
	GetHandleVerifier [0x0x7ff68e2a58bd+3151261]
	GetHandleVerifier [0x0x7ff68dfd185e+185662]
	GetHandleVerifier [0x0x7ff68dfd971f+218111]
	GetHandleVerifier [0x0x7ff68dfbfb14+112628]
	GetHandleVerifier [0x0x7ff68dfbfcc9+113065]
	GetHandleVerifier [0x0x7ff68dfa6c98+10616]
	BaseThreadInitThunk [0x0x7ffbe54de8d7+23]
	RtlUserThreadStart [0x0x7ffbe66fc34c+44]

2025-07-07 20:29:50,894 [WARNING] 004 JUZGADO EJECUCIÓN DEL CIRCUITO → timeout en intento 3: Message: 
Stacktrace:
	GetHandleVerifier [0x0x7ff68dfb6f95+76917]
	GetHandleVerifier [0x0x7ff68dfb6ff0+77008]
	(No symbol) [0x0x7ff68dd69dea]
	(No symbol) [0x0x7ff68ddc0256]
	(No symbol) [0x0x7ff68ddc050c]
	(No symbol) [0x0x7ff68de13887]
	(No symbol) [0x0x7ff68dde84af]
	(No symbol) [0x0x7ff68de1065c]
	(No symbol) [0x0x7ff68dde8243]
	(No symbol) [0x0x7ff68ddb1431]
	(No symbol) [0x0x7ff68ddb21c3]
	GetHandleVerifier [0x0x7ff68e28d2cd+3051437]
	GetHandleVerifier [0x0x7ff68e287923+3028483]
	GetHandleVerifier [0x0x7ff68e2a58bd+3151261]
	GetHandleVerifier [0x0x7ff68dfd185e+185662]
	GetHandleVerifier [0x0x7ff68dfd971f+218111]
	GetHandleVerifier [0x0x7ff68dfbfb14+112628]
	GetHandleVerifier [0x0x7ff68dfbfcc9+113065]
	GetHandleVerifier [0x0x7ff68dfa6c98+10616]
	BaseThreadInitThunk [0x0x7ffbe54de8d7+23]
	RtlUserThreadStart [0x0x7ffbe66fc34c+44]

2025-07-07 20:29:51,175 [WARNING] 003 JUZGADO EJECUCIÓN DEL CIRCUITO → timeout en intento 3: Message: 
Stacktrace:
	GetHandleVerifier [0x0x7ff68dfb6f95+76917]
	GetHandleVerifier [0x0x7ff68dfb6ff0+77008]
	(No symbol) [0x0x7ff68dd69dea]
	(No symbol) [0x0x7ff68ddc0256]
	(No symbol) [0x0x7ff68ddc050c]
	(No symbol) [0x0x7ff68de13887]
	(No symbol) [0x0x7ff68dde84af]
	(No symbol) [0x0x7ff68de1065c]
	(No symbol) [0x0x7ff68dde8243]
	(No symbol) [0x0x7ff68ddb1431]
	(No symbol) [0x0x7ff68ddb21c3]
	GetHandleVerifier [0x0x7ff68e28d2cd+3051437]
	GetHandleVerifier [0x0x7ff68e287923+3028483]
	GetHandleVerifier [0x0x7ff68e2a58bd+3151261]
	GetHandleVerifier [0x0x7ff68dfd185e+185662]
	GetHandleVerifier [0x0x7ff68dfd971f+218111]
	GetHandleVerifier [0x0x7ff68dfbfb14+112628]
	GetHandleVerifier [0x0x7ff68dfbfcc9+113065]
	GetHandleVerifier [0x0x7ff68dfa6c98+10616]
	BaseThreadInitThunk [0x0x7ffbe54de8d7+23]
	RtlUserThreadStart [0x0x7ffbe66fc34c+44]

2025-07-07 20:29:51,301 [WARNING] 002 JUZGADO EJECUCIÓN DEL CIRCUITO → timeout en intento 3: Message: 
Stacktrace:
	GetHandleVerifier [0x0x7ff68dfb6f95+76917]
	GetHandleVerifier [0x0x7ff68dfb6ff0+77008]
	(No symbol) [0x0x7ff68dd69dea]
	(No symbol) [0x0x7ff68ddc0256]
	(No symbol) [0x0x7ff68ddc050c]
	(No symbol) [0x0x7ff68de13887]
	(No symbol) [0x0x7ff68dde84af]
	(No symbol) [0x0x7ff68de1065c]
	(No symbol) [0x0x7ff68dde8243]
	(No symbol) [0x0x7ff68ddb1431]
	(No symbol) [0x0x7ff68ddb21c3]
	GetHandleVerifier [0x0x7ff68e28d2cd+3051437]
	GetHandleVerifier [0x0x7ff68e287923+3028483]
	GetHandleVerifier [0x0x7ff68e2a58bd+3151261]
	GetHandleVerifier [0x0x7ff68dfd185e+185662]
	GetHandleVerifier [0x0x7ff68dfd971f+218111]
	GetHandleVerifier [0x0x7ff68dfbfb14+112628]
	GetHandleVerifier [0x0x7ff68dfbfcc9+113065]
	GetHandleVerifier [0x0x7ff68dfa6c98+10616]
	BaseThreadInitThunk [0x0x7ffbe54de8d7+23]
	RtlUserThreadStart [0x0x7ffbe66fc34c+44]

2025-07-07 20:29:52,471 [INFO] 005 JUZGADO EJECUCIÓN DEL CIRCUITO → intento 1/3
2025-07-07 20:29:53,964 [INFO] 002 JUZGADO EJECUCIÓN DEL CIRCUITO → intento 1/3
2025-07-07 20:29:54,255 [INFO] 002 JUZGADO EJECUCIÓN DEL CIRCUITO → intento 1/3
2025-07-07 20:29:54,688 [INFO] 004 JUZGADO EJECUCIÓN DEL CIRCUITO → intento 1/3
2025-07-07 20:29:54,974 [INFO] 004 JUZGADO EJECUCIÓN DEL CIRCUITO → intento 1/3
2025-07-07 20:29:55,030 [INFO] 003 JUZGADO EJECUCIÓN DEL CIRCUITO → intento 1/3
2025-07-07 20:30:03,367 [WARNING] 002 JUZGADO EJECUCIÓN DEL CIRCUITO → timeout en intento 1: Message: 
Stacktrace:
	GetHandleVerifier [0x0x7ff68dfb6f95+76917]
	GetHandleVerifier [0x0x7ff68dfb6ff0+77008]
	(No symbol) [0x0x7ff68dd69dea]
	(No symbol) [0x0x7ff68ddc0256]
	(No symbol) [0x0x7ff68ddc050c]
	(No symbol) [0x0x7ff68de13887]
	(No symbol) [0x0x7ff68dde84af]
	(No symbol) [0x0x7ff68de1065c]
	(No symbol) [0x0x7ff68dde8243]
	(No symbol) [0x0x7ff68ddb1431]
	(No symbol) [0x0x7ff68ddb21c3]
	GetHandleVerifier [0x0x7ff68e28d2cd+3051437]
	GetHandleVerifier [0x0x7ff68e287923+3028483]
	GetHandleVerifier [0x0x7ff68e2a58bd+3151261]
	GetHandleVerifier [0x0x7ff68dfd185e+185662]
	GetHandleVerifier [0x0x7ff68dfd971f+218111]
	GetHandleVerifier [0x0x7ff68dfbfb14+112628]
	GetHandleVerifier [0x0x7ff68dfbfcc9+113065]
	GetHandleVerifier [0x0x7ff68dfa6c98+10616]
	BaseThreadInitThunk [0x0x7ffbe54de8d7+23]
	RtlUserThreadStart [0x0x7ffbe66fc34c+44]

2025-07-07 20:30:03,869 [INFO] 002 JUZGADO EJECUCIÓN DEL CIRCUITO → intento 2/3
2025-07-07 20:30:09,488 [WARNING] 005 JUZGADO EJECUCIÓN DEL CIRCUITO → timeout en intento 1: Message: 
Stacktrace:
	GetHandleVerifier [0x0x7ff68dfb6f95+76917]
	GetHandleVerifier [0x0x7ff68dfb6ff0+77008]
	(No symbol) [0x0x7ff68dd69dea]
	(No symbol) [0x0x7ff68ddc0256]
	(No symbol) [0x0x7ff68ddc050c]
	(No symbol) [0x0x7ff68de13887]
	(No symbol) [0x0x7ff68dde84af]
	(No symbol) [0x0x7ff68de1065c]
	(No symbol) [0x0x7ff68dde8243]
	(No symbol) [0x0x7ff68ddb1431]
	(No symbol) [0x0x7ff68ddb21c3]
	GetHandleVerifier [0x0x7ff68e28d2cd+3051437]
	GetHandleVerifier [0x0x7ff68e287923+3028483]
	GetHandleVerifier [0x0x7ff68e2a58bd+3151261]
	GetHandleVerifier [0x0x7ff68dfd185e+185662]
	GetHandleVerifier [0x0x7ff68dfd971f+218111]
	GetHandleVerifier [0x0x7ff68dfbfb14+112628]
	GetHandleVerifier [0x0x7ff68dfbfcc9+113065]
	GetHandleVerifier [0x0x7ff68dfa6c98+10616]
	BaseThreadInitThunk [0x0x7ffbe54de8d7+23]
	RtlUserThreadStart [0x0x7ffbe66fc34c+44]

2025-07-07 20:30:09,989 [INFO] 005 JUZGADO EJECUCIÓN DEL CIRCUITO → intento 2/3
2025-07-07 20:30:11,522 [WARNING] 003 JUZGADO EJECUCIÓN DEL CIRCUITO → timeout en intento 1: Message: 
Stacktrace:
	GetHandleVerifier [0x0x7ff68dfb6f95+76917]
	GetHandleVerifier [0x0x7ff68dfb6ff0+77008]
	(No symbol) [0x0x7ff68dd69dea]
	(No symbol) [0x0x7ff68ddc0256]
	(No symbol) [0x0x7ff68ddc050c]
	(No symbol) [0x0x7ff68de13887]
	(No symbol) [0x0x7ff68dde84af]
	(No symbol) [0x0x7ff68de1065c]
	(No symbol) [0x0x7ff68dde8243]
	(No symbol) [0x0x7ff68ddb1431]
	(No symbol) [0x0x7ff68ddb21c3]
	GetHandleVerifier [0x0x7ff68e28d2cd+3051437]
	GetHandleVerifier [0x0x7ff68e287923+3028483]
	GetHandleVerifier [0x0x7ff68e2a58bd+3151261]
	GetHandleVerifier [0x0x7ff68dfd185e+185662]
	GetHandleVerifier [0x0x7ff68dfd971f+218111]
	GetHandleVerifier [0x0x7ff68dfbfb14+112628]
	GetHandleVerifier [0x0x7ff68dfbfcc9+113065]
	GetHandleVerifier [0x0x7ff68dfa6c98+10616]
	BaseThreadInitThunk [0x0x7ffbe54de8d7+23]
	RtlUserThreadStart [0x0x7ffbe66fc34c+44]

2025-07-07 20:30:12,023 [INFO] 003 JUZGADO EJECUCIÓN DEL CIRCUITO → intento 2/3
2025-07-07 20:30:12,181 [WARNING] 002 JUZGADO EJECUCIÓN DEL CIRCUITO → timeout en intento 1: Message: 
Stacktrace:
	GetHandleVerifier [0x0x7ff68dfb6f95+76917]
	GetHandleVerifier [0x0x7ff68dfb6ff0+77008]
	(No symbol) [0x0x7ff68dd69dea]
	(No symbol) [0x0x7ff68ddc0256]
	(No symbol) [0x0x7ff68ddc050c]
	(No symbol) [0x0x7ff68de13887]
	(No symbol) [0x0x7ff68dde84af]
	(No symbol) [0x0x7ff68de1065c]
	(No symbol) [0x0x7ff68dde8243]
	(No symbol) [0x0x7ff68ddb1431]
	(No symbol) [0x0x7ff68ddb21c3]
	GetHandleVerifier [0x0x7ff68e28d2cd+3051437]
	GetHandleVerifier [0x0x7ff68e287923+3028483]
	GetHandleVerifier [0x0x7ff68e2a58bd+3151261]
	GetHandleVerifier [0x0x7ff68dfd185e+185662]
	GetHandleVerifier [0x0x7ff68dfd971f+218111]
	GetHandleVerifier [0x0x7ff68dfbfb14+112628]
	GetHandleVerifier [0x0x7ff68dfbfcc9+113065]
	GetHandleVerifier [0x0x7ff68dfa6c98+10616]
	BaseThreadInitThunk [0x0x7ffbe54de8d7+23]
	RtlUserThreadStart [0x0x7ffbe66fc34c+44]

2025-07-07 20:30:12,683 [INFO] 002 JUZGADO EJECUCIÓN DEL CIRCUITO → intento 2/3
2025-07-07 20:30:12,906 [WARNING] 002 JUZGADO EJECUCIÓN DEL CIRCUITO → timeout en intento 1: Message: 
Stacktrace:
	GetHandleVerifier [0x0x7ff68dfb6f95+76917]
	GetHandleVerifier [0x0x7ff68dfb6ff0+77008]
	(No symbol) [0x0x7ff68dd69dea]
	(No symbol) [0x0x7ff68ddc0256]
	(No symbol) [0x0x7ff68ddc050c]
	(No symbol) [0x0x7ff68de13887]
	(No symbol) [0x0x7ff68dde84af]
	(No symbol) [0x0x7ff68de1065c]
	(No symbol) [0x0x7ff68dde8243]
	(No symbol) [0x0x7ff68ddb1431]
	(No symbol) [0x0x7ff68ddb21c3]
	GetHandleVerifier [0x0x7ff68e28d2cd+3051437]
	GetHandleVerifier [0x0x7ff68e287923+3028483]
	GetHandleVerifier [0x0x7ff68e2a58bd+3151261]
	GetHandleVerifier [0x0x7ff68dfd185e+185662]
	GetHandleVerifier [0x0x7ff68dfd971f+218111]
	GetHandleVerifier [0x0x7ff68dfbfb14+112628]
	GetHandleVerifier [0x0x7ff68dfbfcc9+113065]
	GetHandleVerifier [0x0x7ff68dfa6c98+10616]
	BaseThreadInitThunk [0x0x7ffbe54de8d7+23]
	RtlUserThreadStart [0x0x7ffbe66fc34c+44]

2025-07-07 20:30:13,346 [WARNING] 004 JUZGADO EJECUCIÓN DEL CIRCUITO → timeout en intento 1: Message: 
Stacktrace:
	GetHandleVerifier [0x0x7ff68dfb6f95+76917]
	GetHandleVerifier [0x0x7ff68dfb6ff0+77008]
	(No symbol) [0x0x7ff68dd69dea]
	(No symbol) [0x0x7ff68ddc0256]
	(No symbol) [0x0x7ff68ddc050c]
	(No symbol) [0x0x7ff68de13887]
	(No symbol) [0x0x7ff68dde84af]
	(No symbol) [0x0x7ff68de1065c]
	(No symbol) [0x0x7ff68dde8243]
	(No symbol) [0x0x7ff68ddb1431]
	(No symbol) [0x0x7ff68ddb21c3]
	GetHandleVerifier [0x0x7ff68e28d2cd+3051437]
	GetHandleVerifier [0x0x7ff68e287923+3028483]
	GetHandleVerifier [0x0x7ff68e2a58bd+3151261]
	GetHandleVerifier [0x0x7ff68dfd185e+185662]
	GetHandleVerifier [0x0x7ff68dfd971f+218111]
	GetHandleVerifier [0x0x7ff68dfbfb14+112628]
	GetHandleVerifier [0x0x7ff68dfbfcc9+113065]
	GetHandleVerifier [0x0x7ff68dfa6c98+10616]
	BaseThreadInitThunk [0x0x7ffbe54de8d7+23]
	RtlUserThreadStart [0x0x7ffbe66fc34c+44]

2025-07-07 20:30:13,408 [INFO] 002 JUZGADO EJECUCIÓN DEL CIRCUITO → intento 2/3
2025-07-07 20:30:13,713 [WARNING] 004 JUZGADO EJECUCIÓN DEL CIRCUITO → timeout en intento 1: Message: 
Stacktrace:
	GetHandleVerifier [0x0x7ff68dfb6f95+76917]
	GetHandleVerifier [0x0x7ff68dfb6ff0+77008]
	(No symbol) [0x0x7ff68dd69dea]
	(No symbol) [0x0x7ff68ddc0256]
	(No symbol) [0x0x7ff68ddc050c]
	(No symbol) [0x0x7ff68de13887]
	(No symbol) [0x0x7ff68dde84af]
	(No symbol) [0x0x7ff68de1065c]
	(No symbol) [0x0x7ff68dde8243]
	(No symbol) [0x0x7ff68ddb1431]
	(No symbol) [0x0x7ff68ddb21c3]
	GetHandleVerifier [0x0x7ff68e28d2cd+3051437]
	GetHandleVerifier [0x0x7ff68e287923+3028483]
	GetHandleVerifier [0x0x7ff68e2a58bd+3151261]
	GetHandleVerifier [0x0x7ff68dfd185e+185662]
	GetHandleVerifier [0x0x7ff68dfd971f+218111]
	GetHandleVerifier [0x0x7ff68dfbfb14+112628]
	GetHandleVerifier [0x0x7ff68dfbfcc9+113065]
	GetHandleVerifier [0x0x7ff68dfa6c98+10616]
	BaseThreadInitThunk [0x0x7ffbe54de8d7+23]
	RtlUserThreadStart [0x0x7ffbe66fc34c+44]

2025-07-07 20:30:13,848 [INFO] 004 JUZGADO EJECUCIÓN DEL CIRCUITO → intento 2/3
2025-07-07 20:30:14,214 [INFO] 004 JUZGADO EJECUCIÓN DEL CIRCUITO → intento 2/3
2025-07-07 20:30:19,746 [WARNING] 002 JUZGADO EJECUCIÓN DEL CIRCUITO → timeout en intento 2: Message: 
Stacktrace:
	GetHandleVerifier [0x0x7ff68dfb6f95+76917]
	GetHandleVerifier [0x0x7ff68dfb6ff0+77008]
	(No symbol) [0x0x7ff68dd69dea]
	(No symbol) [0x0x7ff68ddc0256]
	(No symbol) [0x0x7ff68ddc050c]
	(No symbol) [0x0x7ff68de13887]
	(No symbol) [0x0x7ff68dde84af]
	(No symbol) [0x0x7ff68de1065c]
	(No symbol) [0x0x7ff68dde8243]
	(No symbol) [0x0x7ff68ddb1431]
	(No symbol) [0x0x7ff68ddb21c3]
	GetHandleVerifier [0x0x7ff68e28d2cd+3051437]
	GetHandleVerifier [0x0x7ff68e287923+3028483]
	GetHandleVerifier [0x0x7ff68e2a58bd+3151261]
	GetHandleVerifier [0x0x7ff68dfd185e+185662]
	GetHandleVerifier [0x0x7ff68dfd971f+218111]
	GetHandleVerifier [0x0x7ff68dfbfb14+112628]
	GetHandleVerifier [0x0x7ff68dfbfcc9+113065]
	GetHandleVerifier [0x0x7ff68dfa6c98+10616]
	BaseThreadInitThunk [0x0x7ffbe54de8d7+23]
	RtlUserThreadStart [0x0x7ffbe66fc34c+44]

2025-07-07 20:30:20,248 [INFO] 002 JUZGADO EJECUCIÓN DEL CIRCUITO → intento 3/3
